[ 2015-10-02T10:50:39+08:00 ] ::1 /mtime/index.php/Admin/Slide/edit/id/3
ERR: 模板不存在:./Mtime/Admin/View/Slide/edit.html

[ 2015-10-02T11:03:14+08:00 ] ::1 /mtime/index.php/Admin/Slide/edit/id/3
ERR: 模板不存在:./Mtime/Admin/View/Slide/edit.html

[ 2015-10-02T11:44:39+08:00 ] ::1 /mtime/index.php/Admin/Actor/actorlist
ERR: 无法加载控制器:Actor

[ 2015-10-02T12:42:40+08:00 ] ::1 /mtime/index.php/Admin/Actor/actorslide
ERR: 非法操作:actorslide

[ 2015-10-02T12:42:45+08:00 ] ::1 /mtime/index.php/Admin/Actor/actorslide
ERR: 非法操作:actorslide

[ 2015-10-02T12:42:45+08:00 ] ::1 /mtime/index.php/Admin/Actor/actorslide
ERR: 非法操作:actorslide

[ 2015-10-02T12:49:58+08:00 ] ::1 /mtime/index.php/Admin/Actor/actorslide
ERR: 非法操作:actorslide

[ 2015-10-02T12:50:26+08:00 ] ::1 /mtime/index.php/Admin/Actor/actorslide
ERR: 非法操作:actorslide

[ 2015-10-02T14:02:20+08:00 ] ::1 /mtime/index.php/Admin/Actor/edit/id/10
ERR: 模板不存在:./Mtime/Admin/View/Actor/edit.html

[ 2015-10-02T21:18:19+08:00 ] ::1 /mtime/index.php/Admin/Movie/addactor
ERR: SQLSTATE[42S22]: Column not found: 1054 Unknown column 'rel.mid' in 'where clause'

[ 2015-10-02T21:57:43+08:00 ] ::1 /mtime/index.php/Admin/Movie/tjdirector
ERR: SQLSTATE[42S02]: Base table or view not found: 1146 Table 'mtime.m_filmdirector' doesn't exist

[ 2015-10-02T22:01:50+08:00 ] ::1 /mtime/index.php/Admin/Movie/tjdirector
ERR: Think\Controller:erroe方法不存在！

[ 2015-10-02T22:34:47+08:00 ] ::1 /mtime/index.php/Admin/Movie/tjactor
ERR: SQLSTATE[23000]: Integrity constraint violation: 1048 Column 'filma_pic' cannot be null

[ 2015-10-02T22:35:39+08:00 ] ::1 /mtime/index.php/Admin/Movie/tjactor
ERR: SQLSTATE[23000]: Integrity constraint violation: 1048 Column 'filma_pic' cannot be null

[ 2015-10-02T22:38:55+08:00 ] ::1 /mtime/index.php/Admin/Movie/tjactor
ERR: SQLSTATE[23000]: Integrity constraint violation: 1048 Column 'filma_pic' cannot be null

