[ 2015-10-08T08:41:56+08:00 ] ::1 /mtime/index.php/Admin/Cinema/adddetial
ERR: 非法操作:adddetial

[ 2015-10-08T08:45:55+08:00 ] ::1 /mtime/index.php/Admin/Index/cinema/adddetial.html
ERR: 非法操作:cinema

[ 2015-10-08T08:56:03+08:00 ] ::1 /mtime/index.php/Admin/Cinema/undefineddefault/default.css
ERR: 非法操作:undefineddefault

[ 2015-10-08T09:12:28+08:00 ] ::1 /mtime/index.php/Admin/Cinema/cinemadetaillist
ERR: 非法操作:cinemadetaillist

[ 2015-10-08T09:17:07+08:00 ] ::1 /mtime/index.php/Admin/Cinema/cinemadetaillist
ERR: 非法操作:cinemadetaillist

[ 2015-10-08T10:25:00+08:00 ] ::1 /mtime/index.php/Admin/Cinema/detaillist
ERR: SQLSTATE[42000]: Syntax error or access violation: 1064 You have an error in your SQL syntax; check the manual that corresponds to your MySQL server version for the right syntax to use near ') LIMIT 1' at line 1

[ 2015-10-08T10:26:22+08:00 ] ::1 /mtime/index.php/Admin/Cinema/detaillist
ERR: SQLSTATE[42000]: Syntax error or access violation: 1064 You have an error in your SQL syntax; check the manual that corresponds to your MySQL server version for the right syntax to use near ') LIMIT 1' at line 1

[ 2015-10-08T10:26:23+08:00 ] ::1 /mtime/index.php/Admin/Cinema/detaillist
ERR: SQLSTATE[42000]: Syntax error or access violation: 1064 You have an error in your SQL syntax; check the manual that corresponds to your MySQL server version for the right syntax to use near ') LIMIT 1' at line 1

[ 2015-10-08T10:28:05+08:00 ] ::1 /mtime/index.php/Admin/Cinema/detaillist
ERR: SQLSTATE[42000]: Syntax error or access violation: 1064 You have an error in your SQL syntax; check the manual that corresponds to your MySQL server version for the right syntax to use near ') LIMIT 1' at line 1

[ 2015-10-08T10:32:34+08:00 ] ::1 /mtime/index.php/Admin/Cinema/detaillist
ERR: SQLSTATE[42000]: Syntax error or access violation: 1064 You have an error in your SQL syntax; check the manual that corresponds to your MySQL server version for the right syntax to use near ') LIMIT 1' at line 1

[ 2015-10-08T10:39:54+08:00 ] ::1 /mtime/index.php/Admin/Cinema/edit/id//cid/
ERR: SQLSTATE[42S22]: Column not found: 1054 Unknown column 'cid' in 'where clause'

[ 2015-10-08T10:41:44+08:00 ] ::1 /mtime/index.php/Admin/Cinema/editdetail/id//cid/
ERR: 非法操作:editdetail

[ 2015-10-08T10:51:35+08:00 ] ::1 /mtime/index.php/Admin/Cinema/cinemadetaillist
ERR: 非法操作:cinemadetaillist

[ 2015-10-08T10:53:12+08:00 ] ::1 /mtime/index.php/Admin/Cinema/U('detaillist','cinema_cid%20=%202')
ERR: 非法操作:U('detaillist','cinema_cid = 2')

[ 2015-10-08T10:54:45+08:00 ] ::1 /mtime/index.php/Admin/Cinema/U('detaillist','cinema_cid%20=%202')
ERR: 非法操作:U('detaillist','cinema_cid = 2')

[ 2015-10-08T11:02:54+08:00 ] ::1 /mtime/index.php/Admin/Cinema/U('detaillist','cinema_cid%20=%202')
ERR: 非法操作:U('detaillist','cinema_cid = 2')

[ 2015-10-08T11:04:44+08:00 ] ::1 /mtime/index.php/Admin/Cinema/U('detaillist','cinema_cid=2')
ERR: 非法操作:U('detaillist','cinema_cid=2')

[ 2015-10-08T11:06:13+08:00 ] ::1 /mtime/index.php/Admin/Cinema/U('detaillist','cinema_cid=2')
ERR: 非法操作:U('detaillist','cinema_cid=2')

[ 2015-10-08T11:22:47+08:00 ] ::1 /mtime/index.php/Admin/Cinema/U('detaillist','cinema_cid=2')
ERR: 非法操作:U('detaillist','cinema_cid=2')

[ 2015-10-08T11:23:51+08:00 ] ::1 /mtime/index.php/Admin/Cinema/detaillist/cinema_cid/%7B%24cinema_cid%7D
ERR: SQLSTATE[42000]: Syntax error or access violation: 1064 You have an error in your SQL syntax; check the manual that corresponds to your MySQL server version for the right syntax to use near '} ) LIMIT 1' at line 1

[ 2015-10-08T11:44:26+08:00 ] ::1 /mtime/index.php/Admin/Cinema/cinemadetaillist
ERR: 非法操作:cinemadetaillist

[ 2015-10-08T11:44:53+08:00 ] ::1 /mtime/index.php/Admin/Cinema/cinemadetaillist
ERR: 非法操作:cinemadetaillist

