[ 2015-10-28T16:13:17+08:00 ] ::1 /mtime/index.php/Admin/Comment/deleterecomment?recomment_id=58
INFO: [ app_begin ] --START--
INFO: Run Behavior\ReadHtmlCacheBehavior [ RunTime:0.002000s ]
INFO: [ app_begin ] --END-- [ RunTime:0.002000s ]
SQL: SHOW COLUMNS FROM `m_recomment` [ RunTime:0.0060s ]
SQL: DELETE FROM `m_recomment` WHERE `recomment_id` = 58 [ RunTime:0.0500s ]
SQL: DELETE FROM `m_recomment` WHERE ( recomment_pid = 58 ) [ RunTime:0.0010s ]
INFO: [ app_end ] --START--
INFO: Run Behavior\ShowPageTraceBehavior [ RunTime:0.002000s ]
INFO: [ app_end ] --END-- [ RunTime:0.002000s ]

[ 2015-10-28T16:13:19+08:00 ] ::1 /mtime/index.php/Admin/Comment/deleterecomment?recomment_id=18
INFO: [ app_begin ] --START--
INFO: Run Behavior\ReadHtmlCacheBehavior [ RunTime:0.001000s ]
INFO: [ app_begin ] --END-- [ RunTime:0.001000s ]
SQL: SHOW COLUMNS FROM `m_recomment` [ RunTime:0.0060s ]
SQL: DELETE FROM `m_recomment` WHERE `recomment_id` = 18 [ RunTime:0.0000s ]
SQL: DELETE FROM `m_recomment` WHERE ( recomment_pid = 18 ) [ RunTime:0.0000s ]
INFO: [ app_end ] --START--
INFO: Run Behavior\ShowPageTraceBehavior [ RunTime:0.001000s ]
INFO: [ app_end ] --END-- [ RunTime:0.001000s ]

[ 2015-10-28T16:13:22+08:00 ] ::1 /mtime/index.php/Admin/Comment/deleterecomment?recomment_id=59
INFO: [ app_begin ] --START--
INFO: Run Behavior\ReadHtmlCacheBehavior [ RunTime:0.000000s ]
INFO: [ app_begin ] --END-- [ RunTime:0.002000s ]
SQL: SHOW COLUMNS FROM `m_recomment` [ RunTime:0.0060s ]
SQL: DELETE FROM `m_recomment` WHERE `recomment_id` = 59 [ RunTime:0.0010s ]
SQL: DELETE FROM `m_recomment` WHERE ( recomment_pid = 59 ) [ RunTime:0.0010s ]
INFO: [ app_end ] --START--
INFO: Run Behavior\ShowPageTraceBehavior [ RunTime:0.000000s ]
INFO: [ app_end ] --END-- [ RunTime:0.001000s ]

