[ 2015-10-01T00:28:44+08:00 ] ::1 /mtime/index.php/Admin/Index/Slide/slidelist
ERR: 非法操作:Slide

[ 2015-10-01T00:29:11+08:00 ] ::1 /mtime/Admin/Slide/slidelist
ERR: 无法加载控制器:Slide

[ 2015-10-01T00:29:13+08:00 ] ::1 /mtime/Admin/Slide/addslide
ERR: 无法加载控制器:Slide

[ 2015-10-01T00:29:31+08:00 ] ::1 /mtime/Admin/Slide/slidelist
ERR: 无法加载控制器:Slide

[ 2015-10-01T00:29:31+08:00 ] ::1 /mtime/Admin/Slide/addslide
ERR: 无法加载控制器:Slide

[ 2015-10-01T00:29:32+08:00 ] ::1 /mtime/Admin/Slide/addslide
ERR: 无法加载控制器:Slide

[ 2015-10-01T00:29:32+08:00 ] ::1 /mtime/Admin/Slide/slidelist
ERR: 无法加载控制器:Slide

[ 2015-10-01T00:29:32+08:00 ] ::1 /mtime/Admin/Slide/slidelist
ERR: 无法加载控制器:Slide

[ 2015-10-01T00:29:32+08:00 ] ::1 /mtime/Admin/Slide/addslide
ERR: 无法加载控制器:Slide

[ 2015-10-01T00:29:32+08:00 ] ::1 /mtime/Admin/Slide/addslide
ERR: 无法加载控制器:Slide

[ 2015-10-01T00:29:32+08:00 ] ::1 /mtime/Admin/Slide/slidelist
ERR: 无法加载控制器:Slide

[ 2015-10-01T00:30:24+08:00 ] ::1 /mtime/Admin/Slide/slidelist
ERR: SQLSTATE[42S22]: Column not found: 1054 Unknown column 'type_id' in 'order clause'

[ 2015-10-01T00:30:58+08:00 ] ::1 /mtime/Admin/Slide/slidelist
ERR: SQLSTATE[42S22]: Column not found: 1054 Unknown column 'type_id' in 'order clause'

[ 2015-10-01T00:31:07+08:00 ] ::1 /mtime/Admin/Slide/slidelist
ERR: SQLSTATE[42S22]: Column not found: 1054 Unknown column 'type_id' in 'order clause'

[ 2015-10-01T00:32:02+08:00 ] ::1 /mtime/Admin/Slide/slidelist
ERR: SQLSTATE[42S22]: Column not found: 1054 Unknown column 'type_id' in 'order clause'

[ 2015-10-01T00:32:16+08:00 ] ::1 /mtime/Admin/Slide/slidelist
ERR: SQLSTATE[42S22]: Column not found: 1054 Unknown column 'type_id' in 'order clause'

[ 2015-10-01T00:34:35+08:00 ] ::1 /mtime/Admin/Slide/slidelist
ERR: SQLSTATE[42S22]: Column not found: 1054 Unknown column 'type_id' in 'order clause'

[ 2015-10-01T00:34:44+08:00 ] ::1 /mtime/Admin/Slide/slidelist
ERR: SQLSTATE[42S22]: Column not found: 1054 Unknown column 'type_id' in 'order clause'

[ 2015-10-01T00:35:40+08:00 ] ::1 /mtime/Admin/Slide/slidelist
ERR: SQLSTATE[42S22]: Column not found: 1054 Unknown column 'type_id' in 'order clause'

[ 2015-10-01T00:46:57+08:00 ] ::1 /mtime/Admin/Slide/slidelist
ERR: SQLSTATE[42S22]: Column not found: 1054 Unknown column 'type_id' in 'order clause'

[ 2015-10-01T00:51:48+08:00 ] ::1 /mtime/Admin/Slide/slidelist
ERR: SQLSTATE[42S22]: Column not found: 1054 Unknown column 'type_id' in 'order clause'

[ 2015-10-01T00:52:32+08:00 ] ::1 /mtime/Admin/Slide/slidelist
ERR: SQLSTATE[42S22]: Column not found: 1054 Unknown column 'type_id' in 'order clause'

[ 2015-10-01T00:53:24+08:00 ] ::1 /mtime/Admin/Slide/slidelist
ERR: SQLSTATE[42S22]: Column not found: 1054 Unknown column 'type_id' in 'order clause'

[ 2015-10-01T00:56:32+08:00 ] ::1 /mtime/Admin/Slide/slidelist
ERR: SQLSTATE[42S22]: Column not found: 1054 Unknown column 'type_id' in 'order clause'

[ 2015-10-01T00:56:33+08:00 ] ::1 /mtime/Admin/Slide/slidelist
ERR: SQLSTATE[42S22]: Column not found: 1054 Unknown column 'type_id' in 'order clause'

[ 2015-10-01T00:58:43+08:00 ] ::1 /mtime/Admin/Slide/slidelist
ERR: SQLSTATE[42S22]: Column not found: 1054 Unknown column 'type_id' in 'order clause'

[ 2015-10-01T00:59:34+08:00 ] ::1 /mtime/Admin/Slide/slidelist
ERR: SQLSTATE[42S22]: Column not found: 1054 Unknown column 'type_id' in 'order clause'

[ 2015-10-01T01:03:29+08:00 ] ::1 /mtime/Admin/Slide/slidelist
ERR: SQLSTATE[42S22]: Column not found: 1054 Unknown column 'type_id' in 'order clause'

[ 2015-10-01T01:04:30+08:00 ] ::1 /mtime/Admin/Slide/slidelist
ERR: SQLSTATE[42S22]: Column not found: 1054 Unknown column 'type_id' in 'order clause'

[ 2015-10-01T01:10:26+08:00 ] ::1 /mtime/Admin/Slide/slidelist
ERR: SQLSTATE[42S22]: Column not found: 1054 Unknown column 'type_id' in 'order clause'

[ 2015-10-01T01:10:46+08:00 ] ::1 /mtime/index.php/Admin/Slide/slidelist
ERR: SQLSTATE[42S22]: Column not found: 1054 Unknown column 'type_id' in 'order clause'

[ 2015-10-01T12:59:08+08:00 ] ::1 /mtime/index.php/Admin/Index/Slide/slidelist
ERR: 非法操作:Slide

[ 2015-10-01T12:59:10+08:00 ] ::1 /mtime/index.php/Admin/Index/Slide/addslide
ERR: 非法操作:Slide

[ 2015-10-01T12:59:12+08:00 ] ::1 /mtime/index.php/Admin/Index/Slide/slidelist
ERR: 非法操作:Slide

[ 2015-10-01T12:59:13+08:00 ] ::1 /mtime/index.php/Admin/Index/Slide/addslide
ERR: 非法操作:Slide

[ 2015-10-01T12:59:17+08:00 ] ::1 /mtime/index.php/Admin/Index/Slide/slidelist
ERR: 非法操作:Slide

[ 2015-10-01T12:59:18+08:00 ] ::1 /mtime/index.php/Admin/Index/Slide/addslide
ERR: 非法操作:Slide

[ 2015-10-01T12:59:34+08:00 ] ::1 /mtime/index.php/Admin/Index/Movie/addmovie
ERR: 非法操作:Movie

[ 2015-10-01T13:00:22+08:00 ] ::1 /mtime/index.php/Admin/Index/Movie/addmovie
ERR: 非法操作:Movie

[ 2015-10-01T13:00:23+08:00 ] ::1 /mtime/index.php/Admin/Index/Movie/addmovie
ERR: 非法操作:Movie

[ 2015-10-01T13:00:23+08:00 ] ::1 /mtime/index.php/Admin/Index/Movie/addmovie
ERR: 非法操作:Movie

[ 2015-10-01T13:00:24+08:00 ] ::1 /mtime/index.php/Admin/Index/Slide/slidelist
ERR: 非法操作:Slide

[ 2015-10-01T13:00:25+08:00 ] ::1 /mtime/index.php/Admin/Index/Slide/addslide
ERR: 非法操作:Slide

[ 2015-10-01T13:00:28+08:00 ] ::1 /mtime/index.php/Admin/Index/Slide/slidelist
ERR: 非法操作:Slide

[ 2015-10-01T13:00:29+08:00 ] ::1 /mtime/index.php/Admin/Index/Slide/addslide
ERR: 非法操作:Slide

[ 2015-10-01T13:00:44+08:00 ] ::1 /mtime/index.php/Admin/Index/Slide/slidelist
ERR: 非法操作:Slide

[ 2015-10-01T13:00:45+08:00 ] ::1 /mtime/index.php/Admin/Index/Slide/addslide
ERR: 非法操作:Slide

[ 2015-10-01T13:01:28+08:00 ] ::1 /mtime/index.php/Admin/Index/Slide/slidelist
ERR: 非法操作:Slide

[ 2015-10-01T13:01:28+08:00 ] ::1 /mtime/index.php/Admin/Index/Slide/addslide
ERR: 非法操作:Slide

[ 2015-10-01T14:43:45+08:00 ] ::1 /mtime/index.php/Admin/Movie/movielist
ERR: 模板不存在:./Mtime/Admin/View/Movie/movielist.html

[ 2015-10-01T20:30:59+08:00 ] ::1 /mtime/index.php/Admin/Index/movie/movielist.html
ERR: 非法操作:movie

[ 2015-10-01T20:30:59+08:00 ] ::1 /mtime/index.php/Admin/Movie/movielist
ERR: 模板不存在:./Mtime/Admin/View/Movie/movielist.html

[ 2015-10-01T20:37:39+08:00 ] ::1 /mtime/index.php/Admin/Index/movie/movielist.html
ERR: 非法操作:movie

[ 2015-10-01T20:40:19+08:00 ] ::1 /mtime/index.php/Admin/Index/movie/movielist.html
ERR: 非法操作:movie

[ 2015-10-01T20:42:19+08:00 ] ::1 /mtime/index.php/Admin/Index/movie/movielist.html
ERR: 非法操作:movie

[ 2015-10-01T20:42:58+08:00 ] ::1 /mtime/index.php/Admin/Index/movie/movielist.html
ERR: 非法操作:movie

[ 2015-10-01T20:43:54+08:00 ] ::1 /mtime/index.php/Admin/Index/movie/movielist.html
ERR: 非法操作:movie

[ 2015-10-01T20:49:19+08:00 ] ::1 /mtime/index.php/Admin/Index/movie/movielist.html
ERR: 非法操作:movie

[ 2015-10-01T20:53:09+08:00 ] ::1 /mtime/index.php/Admin/Index/movie/movielist.html
ERR: 非法操作:movie

[ 2015-10-01T20:54:03+08:00 ] ::1 /mtime/index.php/Admin/Index/movie/movielist.html
ERR: 非法操作:movie

[ 2015-10-01T20:55:09+08:00 ] ::1 /mtime/index.php/Admin/Index/movie/movielist.html
ERR: 非法操作:movie

[ 2015-10-01T20:55:10+08:00 ] ::1 /mtime/index.php/Admin/Index/movie/movielist.html
ERR: 非法操作:movie

[ 2015-10-01T20:55:21+08:00 ] ::1 /mtime/index.php/Admin/Index/movie/movielist.html
ERR: 非法操作:movie

[ 2015-10-01T20:55:29+08:00 ] ::1 /mtime/index.php/Admin/Index/movie/movielist.html
ERR: 非法操作:movie

[ 2015-10-01T20:55:53+08:00 ] ::1 /mtime/index.php/Admin/Index/movie/movielist.html
ERR: 非法操作:movie

[ 2015-10-01T20:56:30+08:00 ] ::1 /mtime/index.php/Admin/Index/movie/movielist.html
ERR: 非法操作:movie

[ 2015-10-01T20:56:56+08:00 ] ::1 /mtime/index.php/Admin/Index/movie/movielist.html
ERR: 非法操作:movie

[ 2015-10-01T20:57:42+08:00 ] ::1 /mtime/index.php/Admin/Index/movie/movielist.html
ERR: 非法操作:movie

[ 2015-10-01T20:58:01+08:00 ] ::1 /mtime/index.php/Admin/Index/movie/movielist.html
ERR: 非法操作:movie

[ 2015-10-01T20:58:07+08:00 ] ::1 /mtime/index.php/Admin/Index/movie/movielist.html
ERR: 非法操作:movie

[ 2015-10-01T20:58:10+08:00 ] ::1 /mtime/index.php/Admin/Index/movie/movielist.html
ERR: 非法操作:movie

[ 2015-10-01T20:58:18+08:00 ] ::1 /mtime/index.php/Admin/Index/movie/movielist.html
ERR: 非法操作:movie

[ 2015-10-01T20:58:33+08:00 ] ::1 /mtime/index.php/Admin/Index/movie/movielist.html
ERR: 非法操作:movie

[ 2015-10-01T20:58:37+08:00 ] ::1 /mtime/index.php/Admin/Index/movie/movielist.html
ERR: 非法操作:movie

[ 2015-10-01T20:58:45+08:00 ] ::1 /mtime/index.php/Admin/Index/movie/movielist.html
ERR: 非法操作:movie

[ 2015-10-01T20:58:48+08:00 ] ::1 /mtime/index.php/Admin/Index/movie/movielist.html
ERR: 非法操作:movie

[ 2015-10-01T20:59:02+08:00 ] ::1 /mtime/index.php/Admin/Index/movie/movielist.html
ERR: 非法操作:movie

[ 2015-10-01T20:59:14+08:00 ] ::1 /mtime/index.php/Admin/Index/movie/movielist.html
ERR: 非法操作:movie

[ 2015-10-01T20:59:17+08:00 ] ::1 /mtime/index.php/Admin/Index/movie/movielist.html
ERR: 非法操作:movie

[ 2015-10-01T20:59:28+08:00 ] ::1 /mtime/index.php/Admin/Index/movie/movielist.html
ERR: 非法操作:movie

[ 2015-10-01T20:59:35+08:00 ] ::1 /mtime/index.php/Admin/Index/movie/movielist.html
ERR: 非法操作:movie

[ 2015-10-01T20:59:50+08:00 ] ::1 /mtime/index.php/Admin/Index/movie/movielist.html
ERR: 非法操作:movie

[ 2015-10-01T20:59:55+08:00 ] ::1 /mtime/index.php/Admin/Index/movie/movielist.html
ERR: 非法操作:movie

[ 2015-10-01T21:00:06+08:00 ] ::1 /mtime/index.php/Admin/Index/movie/movielist.html
ERR: 非法操作:movie

[ 2015-10-01T21:00:20+08:00 ] ::1 /mtime/index.php/Admin/Index/movie/movielist.html
ERR: 非法操作:movie

[ 2015-10-01T21:00:24+08:00 ] ::1 /mtime/index.php/Admin/Index/movie/movielist.html
ERR: 非法操作:movie

[ 2015-10-01T21:00:31+08:00 ] ::1 /mtime/index.php/Admin/Index/movie/movielist.html
ERR: 非法操作:movie

[ 2015-10-01T21:00:39+08:00 ] ::1 /mtime/index.php/Admin/Index/movie/movielist.html
ERR: 非法操作:movie

[ 2015-10-01T21:00:49+08:00 ] ::1 /mtime/index.php/Admin/Index/movie/movielist.html
ERR: 非法操作:movie

[ 2015-10-01T21:01:02+08:00 ] ::1 /mtime/index.php/Admin/Index/movie/movielist.html
ERR: 非法操作:movie

[ 2015-10-01T21:02:56+08:00 ] ::1 /mtime/index.php/Admin/Index/movie/movielist.html
ERR: 非法操作:movie

[ 2015-10-01T21:03:10+08:00 ] ::1 /mtime/index.php/Admin/Index/movie/movielist.html
ERR: 非法操作:movie

[ 2015-10-01T21:03:39+08:00 ] ::1 /mtime/index.php/Admin/Index/movie/movielist.html
ERR: 非法操作:movie

[ 2015-10-01T21:03:55+08:00 ] ::1 /mtime/index.php/Admin/Index/movie/movielist.html
ERR: 非法操作:movie

[ 2015-10-01T21:04:02+08:00 ] ::1 /mtime/index.php/Admin/Index/movie/movielist.html
ERR: 非法操作:movie

[ 2015-10-01T21:04:36+08:00 ] ::1 /mtime/index.php/Admin/Index/movie/movielist.html
ERR: 非法操作:movie

[ 2015-10-01T21:05:05+08:00 ] ::1 /mtime/index.php/Admin/Index/movie/movielist.html
ERR: 非法操作:movie

[ 2015-10-01T21:05:12+08:00 ] ::1 /mtime/index.php/Admin/Index/movie/movielist.html
ERR: 非法操作:movie

[ 2015-10-01T21:05:26+08:00 ] ::1 /mtime/index.php/Admin/Index/movie/movielist.html
ERR: 非法操作:movie

[ 2015-10-01T21:05:30+08:00 ] ::1 /mtime/index.php/Admin/Index/movie/movielist.html
ERR: 非法操作:movie

[ 2015-10-01T21:05:45+08:00 ] ::1 /mtime/index.php/Admin/Index/movie/movielist.html
ERR: 非法操作:movie

[ 2015-10-01T21:05:51+08:00 ] ::1 /mtime/index.php/Admin/Index/movie/movielist.html
ERR: 非法操作:movie

[ 2015-10-01T21:06:41+08:00 ] ::1 /mtime/index.php/Admin/Index/movie/movielist.html
ERR: 非法操作:movie

[ 2015-10-01T21:12:33+08:00 ] ::1 /mtime/index.php/Admin/Index/movie/movielist.html
ERR: 非法操作:movie

[ 2015-10-01T21:13:53+08:00 ] ::1 /mtime/index.php/Admin/Index/movie/movielist.html
ERR: 非法操作:movie

[ 2015-10-01T21:15:59+08:00 ] ::1 /mtime/index.php/Admin/Index/movie/movielist.html
ERR: 非法操作:movie

[ 2015-10-01T21:16:30+08:00 ] ::1 /mtime/index.php/Admin/Index/movie/code.html
ERR: 非法操作:movie

