[ 2015-10-04T01:47:08+08:00 ] ::1 /mtime/index.php/Admin/Movie/addpic
ERR: 非法操作:addpic

[ 2015-10-04T13:26:43+08:00 ] ::1 /mtime/index.php/Admin/Movie/selectpic
ERR: 非法操作:selectpic

[ 2015-10-04T13:31:12+08:00 ] ::1 /mtime/index.php/Admin/Movie/piclist
ERR: SQLSTATE[42S22]: Column not found: 1054 Unknown column 'Array' in 'where clause'

[ 2015-10-04T13:31:36+08:00 ] ::1 /mtime/index.php/Admin/Movie/piclist
ERR: SQLSTATE[42000]: Syntax error or access violation: 1064 You have an error in your SQL syntax; check the manual that corresponds to your MySQL server version for the right syntax to use near ')' at line 1

[ 2015-10-04T13:31:56+08:00 ] ::1 /mtime/index.php/Admin/Movie/piclist
ERR: SQLSTATE[42000]: Syntax error or access violation: 1064 You have an error in your SQL syntax; check the manual that corresponds to your MySQL server version for the right syntax to use near ')' at line 1

[ 2015-10-04T13:32:21+08:00 ] ::1 /mtime/index.php/Admin/Movie/piclist
ERR: SQLSTATE[42000]: Syntax error or access violation: 1064 You have an error in your SQL syntax; check the manual that corresponds to your MySQL server version for the right syntax to use near ')' at line 1

[ 2015-10-04T13:33:30+08:00 ] ::1 /mtime/index.php/Admin/Movie/piclist
ERR: SQLSTATE[42000]: Syntax error or access violation: 1064 You have an error in your SQL syntax; check the manual that corresponds to your MySQL server version for the right syntax to use near ')' at line 1

[ 2015-10-04T13:33:31+08:00 ] ::1 /mtime/index.php/Admin/Movie/piclist
ERR: SQLSTATE[42000]: Syntax error or access violation: 1064 You have an error in your SQL syntax; check the manual that corresponds to your MySQL server version for the right syntax to use near ')' at line 1

[ 2015-10-04T13:34:31+08:00 ] ::1 /mtime/index.php/Admin/Movie/piclist
ERR: SQLSTATE[42000]: Syntax error or access violation: 1064 You have an error in your SQL syntax; check the manual that corresponds to your MySQL server version for the right syntax to use near ')' at line 1

[ 2015-10-04T13:35:14+08:00 ] ::1 /mtime/index.php/Admin/Movie/piclist
ERR: SQLSTATE[42000]: Syntax error or access violation: 1064 You have an error in your SQL syntax; check the manual that corresponds to your MySQL server version for the right syntax to use near ')' at line 1

[ 2015-10-04T14:24:45+08:00 ] ::1 /mtime/index.php/Admin/Movie/piclist
ERR: SQLSTATE[42S02]: Base table or view not found: 1146 Table 'mtime.picture' doesn't exist

[ 2015-10-04T14:27:23+08:00 ] ::1 /mtime/index.php/Admin/Movie/piclist
ERR: SQLSTATE[42000]: Syntax error or access violation: 1064 You have an error in your SQL syntax; check the manual that corresponds to your MySQL server version for the right syntax to use near ') LIMIT 1' at line 1

[ 2015-10-04T14:35:21+08:00 ] ::1 /mtime/index.php/Admin/Movie/piclist
ERR: SQLSTATE[42000]: Syntax error or access violation: 1064 You have an error in your SQL syntax; check the manual that corresponds to your MySQL server version for the right syntax to use near ') LIMIT 1' at line 1

[ 2015-10-04T14:55:50+08:00 ] ::1 /mtime/index.php/Admin/Movie/delpic/id/13
ERR: 非法操作:delpic

