[ 2015-09-28T15:34:22+08:00 ] ::1 /mtime/Index/index
ERR: SQLSTATE[42S22]: Column not found: 1054 Unknown column 'movie.movie_type1' in 'where clause'

[ 2015-09-28T17:01:24+08:00 ] ::1 /mtime/main/code.html
ERR: 无法加载控制器:Main

[ 2015-09-28T17:01:29+08:00 ] ::1 /mtime/main/menu.html
ERR: 无法加载控制器:Main

[ 2015-09-28T17:01:30+08:00 ] ::1 /mtime/main/second-menu.html
ERR: 无法加载控制器:Main

[ 2015-09-28T17:01:32+08:00 ] ::1 /mtime/main/dyna-menu.html
ERR: 无法加载控制器:Main

[ 2015-09-28T17:02:44+08:00 ] ::1 /mtime/main/code.html
ERR: 无法加载控制器:Main

[ 2015-09-28T17:03:00+08:00 ] ::1 /mtime/main/code.html
ERR: 无法加载控制器:Main

[ 2015-09-28T17:03:29+08:00 ] ::1 /mtime/main/code.html
ERR: 无法加载控制器:Main

[ 2015-09-28T17:03:51+08:00 ] ::1 /mtime/main/code.html
ERR: 无法加载控制器:Main

[ 2015-09-28T17:03:53+08:00 ] ::1 /mtime/main/code.html
ERR: 无法加载控制器:Main

[ 2015-09-28T17:53:01+08:00 ] ::1 /mtime/
ERR: SQLSTATE[42S22]: Column not found: 1054 Unknown column 'type_type_name' in 'field list'

[ 2015-09-28T18:02:26+08:00 ] ::1 /mtime/form/code.html
ERR: 无法加载控制器:Form

[ 2015-09-28T18:03:11+08:00 ] ::1 /mtime/form/example.html
ERR: 无法加载控制器:Form

