[ 2015-10-01T12:58:10+08:00 ] ::1 /mtime/detail/code.html
ERR: 无法加载控制器:Detail

[ 2015-10-01T12:58:12+08:00 ] ::1 /mtime/detail/example.html
ERR: 无法加载控制器:Detail

[ 2015-10-01T12:58:12+08:00 ] ::1 /mtime/detail/introduce.html
ERR: 无法加载控制器:Detail

[ 2015-10-01T21:53:29+08:00 ] ::1 /mtime/Public/$data['movie_pic']%7D
ERR: 无法加载控制器:Public

[ 2015-10-01T21:53:29+08:00 ] ::1 /mtime/Public/$data['movie_pic']%7D
ERR: 无法加载控制器:Public

[ 2015-10-01T22:46:09+08:00 ] ::1 /mtime/Public/8
ERR: 无法加载控制器:Public

[ 2015-10-01T22:46:09+08:00 ] ::1 /mtime/Public/L
ERR: 无法加载控制器:Public

[ 2015-10-01T22:46:09+08:00 ] ::1 /mtime/Public/1
ERR: 无法加载控制器:Public

[ 2015-10-01T22:46:09+08:00 ] ::1 /mtime/Public/6
ERR: 无法加载控制器:Public

[ 2015-10-01T22:46:09+08:00 ] ::1 /mtime/Public/%EF%BF%BD
ERR: 无法加载控制器:Public

[ 2015-10-01T22:46:09+08:00 ] ::1 /mtime/Public/U
ERR: 无法加载控制器:Public

[ 2015-10-01T22:46:09+08:00 ] ::1 /mtime/Public/0
ERR: 无法加载控制器:Public

[ 2015-10-01T23:44:05+08:00 ] ::1 /mtime/
ERR: SQLSTATE[42000]: Syntax error or access violation: 1064 You have an error in your SQL syntax; check the manual that corresponds to your MySQL server version for the right syntax to use near 'and g.tid = t.type_id )' at line 1

[ 2015-10-01T23:44:17+08:00 ] ::1 /mtime/
ERR: SQLSTATE[42000]: Syntax error or access violation: 1064 You have an error in your SQL syntax; check the manual that corresponds to your MySQL server version for the right syntax to use near 'and g.tid = t.type_id )' at line 1

[ 2015-10-01T23:44:56+08:00 ] ::1 /mtime/
ERR: SQLSTATE[42000]: Syntax error or access violation: 1064 You have an error in your SQL syntax; check the manual that corresponds to your MySQL server version for the right syntax to use near 'and g.tid = t.type_id )' at line 1

[ 2015-10-01T23:44:57+08:00 ] ::1 /mtime/
ERR: SQLSTATE[42000]: Syntax error or access violation: 1064 You have an error in your SQL syntax; check the manual that corresponds to your MySQL server version for the right syntax to use near 'and g.tid = t.type_id )' at line 1

[ 2015-10-01T23:45:04+08:00 ] ::1 /mtime/
ERR: SQLSTATE[42000]: Syntax error or access violation: 1064 You have an error in your SQL syntax; check the manual that corresponds to your MySQL server version for the right syntax to use near 'and g.tid = t.type_id )' at line 1

[ 2015-10-01T23:47:30+08:00 ] ::1 /mtime/
ERR: SQLSTATE[42000]: Syntax error or access violation: 1064 You have an error in your SQL syntax; check the manual that corresponds to your MySQL server version for the right syntax to use near 'and g.tid = t.type_id )' at line 1

[ 2015-10-01T23:47:44+08:00 ] ::1 /mtime/
ERR: SQLSTATE[42000]: Syntax error or access violation: 1064 You have an error in your SQL syntax; check the manual that corresponds to your MySQL server version for the right syntax to use near 'and g.tid = t.type_id )' at line 1

[ 2015-10-01T23:47:51+08:00 ] ::1 /mtime/
ERR: SQLSTATE[42000]: Syntax error or access violation: 1064 You have an error in your SQL syntax; check the manual that corresponds to your MySQL server version for the right syntax to use near 'and g.tid = t.type_id )' at line 1

[ 2015-10-01T23:47:53+08:00 ] ::1 /mtime/
ERR: SQLSTATE[42000]: Syntax error or access violation: 1064 You have an error in your SQL syntax; check the manual that corresponds to your MySQL server version for the right syntax to use near 'and g.tid = t.type_id )' at line 1

[ 2015-10-01T23:47:53+08:00 ] ::1 /mtime/
ERR: SQLSTATE[42000]: Syntax error or access violation: 1064 You have an error in your SQL syntax; check the manual that corresponds to your MySQL server version for the right syntax to use near 'and g.tid = t.type_id )' at line 1

[ 2015-10-01T23:47:55+08:00 ] ::1 /mtime/
ERR: SQLSTATE[42000]: Syntax error or access violation: 1064 You have an error in your SQL syntax; check the manual that corresponds to your MySQL server version for the right syntax to use near 'and g.tid = t.type_id )' at line 1

[ 2015-10-01T23:49:22+08:00 ] ::1 /mtime/
ERR: SQLSTATE[42000]: Syntax error or access violation: 1064 You have an error in your SQL syntax; check the manual that corresponds to your MySQL server version for the right syntax to use near 'and g.tid = t.type_id )' at line 1

