[ 2015-11-04T21:37:33+08:00 ] ::1 /mtime/index.php/Home/Comment/sortcomment?comment_grade=5&comment_text=1111111111111111&comment_mid=14
INFO: [ app_begin ] --START--
INFO: Run Behavior\ReadHtmlCacheBehavior [ RunTime:0.000000s ]
INFO: [ app_begin ] --END-- [ RunTime:0.001000s ]
SQL: SHOW COLUMNS FROM `m_longcomment` [ RunTime:0.0100s ]
SQL: INSERT INTO `m_longcomment` (`comment_text`,`comment_mid`,`comment_status`,`comment_time`,`comment_uid`) VALUES ('1111111111111111','14','1','1446644253','17') [ RunTime:0.0970s ]
INFO: [ app_end ] --START--
INFO: Run Behavior\ShowPageTraceBehavior [ RunTime:0.001000s ]
INFO: [ app_end ] --END-- [ RunTime:0.001000s ]

[ 2015-11-04T21:50:44+08:00 ] ::1 /mtime/index.php/Home/Comment/sortcomment?comment_grade=10&comment_text=11111&comment_mid=14
INFO: [ app_begin ] --START--
INFO: Run Behavior\ReadHtmlCacheBehavior [ RunTime:0.001000s ]
INFO: [ app_begin ] --END-- [ RunTime:0.001000s ]
SQL: SHOW COLUMNS FROM `m_longcomment` [ RunTime:0.0070s ]
SQL: SHOW COLUMNS FROM `m_comgrade` [ RunTime:0.0080s ]
SQL: INSERT INTO `m_longcomment` (`comment_text`,`comment_mid`,`comment_status`,`comment_time`,`comment_uid`) VALUES ('11111','14','1','1446645044','17') [ RunTime:0.0020s ]
SQL: INSERT INTO `m_comgrade` () VALUES () [ RunTime:0.0010s ]
INFO: [ app_end ] --START--
INFO: Run Behavior\ShowPageTraceBehavior [ RunTime:0.002000s ]
INFO: [ app_end ] --END-- [ RunTime:0.002000s ]

[ 2015-11-04T21:54:49+08:00 ] ::1 /mtime/index.php/Home/Comment/sortcomment?comment_grade=8&comment_text=1111&comment_mid=14
INFO: [ app_begin ] --START--
INFO: Run Behavior\ReadHtmlCacheBehavior [ RunTime:0.001000s ]
INFO: [ app_begin ] --END-- [ RunTime:0.001000s ]
SQL: SHOW COLUMNS FROM `m_longcomment` [ RunTime:0.0050s ]
SQL: SHOW COLUMNS FROM `m_comgrade` [ RunTime:0.0050s ]
SQL: INSERT INTO `m_longcomment` (`comment_text`,`comment_mid`,`comment_status`,`comment_time`,`comment_uid`) VALUES ('1111','14','1','1446645289','17') [ RunTime:0.0010s ]
SQL: INSERT INTO `m_comgrade` (`comgrade_mid`,`comgrade_uid`,`comgrade_grade`) VALUES ('14','17','8') [ RunTime:0.0360s ]
INFO: [ app_end ] --START--
INFO: Run Behavior\ShowPageTraceBehavior [ RunTime:0.002000s ]
INFO: [ app_end ] --END-- [ RunTime:0.002000s ]

[ 2015-11-04T21:55:09+08:00 ] ::1 /mtime/index.php/Home/Comment/recomment?recomment_text=111&recomment_cid=51
INFO: [ app_begin ] --START--
INFO: Run Behavior\ReadHtmlCacheBehavior [ RunTime:0.001000s ]
INFO: [ app_begin ] --END-- [ RunTime:0.001000s ]
SQL: SHOW COLUMNS FROM `m_recomment` [ RunTime:0.0040s ]
SQL: INSERT INTO `m_recomment` (`recomment_cid`,`recomment_text`,`recomment_status`,`recomment_time`,`recomment_uid`) VALUES ('51','111','1','1446645309','17') [ RunTime:0.0000s ]
INFO: [ app_end ] --START--
INFO: Run Behavior\ShowPageTraceBehavior [ RunTime:0.000000s ]
INFO: [ app_end ] --END-- [ RunTime:0.001001s ]

[ 2015-11-04T21:58:13+08:00 ] ::1 /mtime/index.php/Home/Comment/recomment?recomment_text=11111&recomment_cid=51
INFO: [ app_begin ] --START--
INFO: Run Behavior\ReadHtmlCacheBehavior [ RunTime:0.001000s ]
INFO: [ app_begin ] --END-- [ RunTime:0.002000s ]
SQL: SHOW COLUMNS FROM `m_recomment` [ RunTime:0.0080s ]
SQL: INSERT INTO `m_recomment` (`recomment_cid`,`recomment_text`,`recomment_status`,`recomment_time`,`recomment_uid`) VALUES ('51','11111','1','1446645492','17') [ RunTime:0.0010s ]
INFO: [ app_end ] --START--
INFO: Run Behavior\ShowPageTraceBehavior [ RunTime:0.001000s ]
INFO: [ app_end ] --END-- [ RunTime:0.001000s ]

[ 2015-11-04T21:58:56+08:00 ] ::1 /mtime/index.php/Home/Comment/relongcomment_replay?recomment_text=aaaaaa&recomment_pid=14&dplcode=7YVD
INFO: [ app_begin ] --START--
INFO: Run Behavior\ReadHtmlCacheBehavior [ RunTime:0.001000s ]
INFO: [ app_begin ] --END-- [ RunTime:0.001000s ]
INFO: [ app_end ] --START--
INFO: Run Behavior\ShowPageTraceBehavior [ RunTime:0.001000s ]
INFO: [ app_end ] --END-- [ RunTime:0.001000s ]

[ 2015-11-04T21:59:04+08:00 ] ::1 /mtime/index.php/Home/Comment/relongcomment_replay?recomment_text=aaaaaa&recomment_pid=14&dplcode=ZRLR
INFO: [ app_begin ] --START--
INFO: Run Behavior\ReadHtmlCacheBehavior [ RunTime:0.001000s ]
INFO: [ app_begin ] --END-- [ RunTime:0.003000s ]
SQL: SHOW COLUMNS FROM `m_recomment` [ RunTime:0.0040s ]
SQL: INSERT INTO `m_recomment` (`recomment_pid`,`recomment_text`,`recomment_status`,`recomment_time`,`recomment_uid`) VALUES ('14','aaaaaa','1','1446645544','17') [ RunTime:0.0010s ]
INFO: [ app_end ] --START--
INFO: Run Behavior\ShowPageTraceBehavior [ RunTime:0.001000s ]
INFO: [ app_end ] --END-- [ RunTime:0.001000s ]

[ 2015-11-04T22:01:07+08:00 ] ::1 /mtime/index.php/Home/Comment/sortcomment?comment_grade=8&comment_text=aaaaa&comment_mid=14
INFO: [ app_begin ] --START--
INFO: Run Behavior\ReadHtmlCacheBehavior [ RunTime:0.001000s ]
INFO: [ app_begin ] --END-- [ RunTime:0.001000s ]
SQL: SHOW COLUMNS FROM `m_longcomment` [ RunTime:0.0050s ]
SQL: SHOW COLUMNS FROM `m_comgrade` [ RunTime:0.0050s ]
SQL: INSERT INTO `m_longcomment` (`comment_text`,`comment_mid`,`comment_status`,`comment_time`,`comment_uid`) VALUES ('aaaaa','14','1','1446645667','17') [ RunTime:0.0000s ]
SQL: INSERT INTO `m_comgrade` (`comgrade_mid`,`comgrade_uid`,`comgrade_grade`) VALUES ('14','17','8') [ RunTime:0.0000s ]
INFO: [ app_end ] --START--
INFO: Run Behavior\ShowPageTraceBehavior [ RunTime:0.001000s ]
INFO: [ app_end ] --END-- [ RunTime:0.001000s ]

[ 2015-11-04T22:02:19+08:00 ] ::1 /mtime/index.php/Home/Comment/recomment?recomment_text=aaadadas&recomment_cid=51
INFO: [ app_begin ] --START--
INFO: Run Behavior\ReadHtmlCacheBehavior [ RunTime:0.002000s ]
INFO: [ app_begin ] --END-- [ RunTime:0.002000s ]
SQL: SHOW COLUMNS FROM `m_recomment` [ RunTime:0.0060s ]
SQL: INSERT INTO `m_recomment` (`recomment_cid`,`recomment_text`,`recomment_status`,`recomment_time`,`recomment_uid`) VALUES ('51','aaadadas','1','1446645739','17') [ RunTime:0.0130s ]
INFO: [ app_end ] --START--
INFO: Run Behavior\ShowPageTraceBehavior [ RunTime:0.001000s ]
INFO: [ app_end ] --END-- [ RunTime:0.001000s ]

[ 2015-11-04T22:07:51+08:00 ] ::1 /mtime/index.php/Home/Comment/updatedz?comment_zs=1&comment_id=52
INFO: [ app_begin ] --START--
INFO: Run Behavior\ReadHtmlCacheBehavior [ RunTime:0.001000s ]
INFO: [ app_begin ] --END-- [ RunTime:0.001000s ]
SQL: SHOW COLUMNS FROM `m_longcomment` [ RunTime:0.0060s ]
SQL: UPDATE `m_longcomment` SET `comment_zs`='1' WHERE ( comment_id = 52 ) [ RunTime:0.0010s ]
INFO: [ app_end ] --START--
INFO: Run Behavior\ShowPageTraceBehavior [ RunTime:0.001000s ]
INFO: [ app_end ] --END-- [ RunTime:0.001000s ]

[ 2015-11-04T22:07:52+08:00 ] ::1 /mtime/index.php/Home/Comment/updatedz?comment_zs=2&comment_id=52
INFO: [ app_begin ] --START--
INFO: Run Behavior\ReadHtmlCacheBehavior [ RunTime:0.000000s ]
INFO: [ app_begin ] --END-- [ RunTime:0.000000s ]
SQL: SHOW COLUMNS FROM `m_longcomment` [ RunTime:0.0050s ]
SQL: UPDATE `m_longcomment` SET `comment_zs`='2' WHERE ( comment_id = 52 ) [ RunTime:0.0000s ]
INFO: [ app_end ] --START--
INFO: Run Behavior\ShowPageTraceBehavior [ RunTime:0.001000s ]
INFO: [ app_end ] --END-- [ RunTime:0.001000s ]

[ 2015-11-04T22:09:00+08:00 ] ::1 /mtime/index.php/Home/Comment/updatedz?comment_zs=3&comment_id=52
INFO: [ app_begin ] --START--
INFO: Run Behavior\ReadHtmlCacheBehavior [ RunTime:0.001000s ]
INFO: [ app_begin ] --END-- [ RunTime:0.002000s ]
SQL: SHOW COLUMNS FROM `m_longcomment` [ RunTime:0.0060s ]
SQL: UPDATE `m_longcomment` SET `comment_zs`='3' WHERE ( comment_id = 52 ) [ RunTime:0.0010s ]
INFO: [ app_end ] --START--
INFO: Run Behavior\ShowPageTraceBehavior [ RunTime:0.001000s ]
INFO: [ app_end ] --END-- [ RunTime:0.001000s ]

[ 2015-11-04T22:14:11+08:00 ] ::1 /mtime/index.php/Home/Comment/sortcomment?comment_grade=8&comment_text=111111&comment_mid=14
INFO: [ app_begin ] --START--
INFO: Run Behavior\ReadHtmlCacheBehavior [ RunTime:0.001000s ]
INFO: [ app_begin ] --END-- [ RunTime:0.002000s ]
SQL: SHOW COLUMNS FROM `m_longcomment` [ RunTime:0.0060s ]
SQL: SHOW COLUMNS FROM `m_comgrade` [ RunTime:0.0060s ]
SQL: INSERT INTO `m_longcomment` (`comment_text`,`comment_mid`,`comment_status`,`comment_time`,`comment_uid`) VALUES ('111111','14','1','1446646451','17') [ RunTime:0.0010s ]
SQL: INSERT INTO `m_comgrade` (`comgrade_mid`,`comgrade_uid`,`comgrade_grade`) VALUES ('14','17','8') [ RunTime:0.0000s ]
INFO: [ app_end ] --START--
INFO: Run Behavior\ShowPageTraceBehavior [ RunTime:0.001000s ]
INFO: [ app_end ] --END-- [ RunTime:0.001000s ]

[ 2015-11-04T22:16:15+08:00 ] ::1 /mtime/index.php/Home/Comment/sortcomment?comment_grade=6&comment_text=111&comment_mid=7
INFO: [ app_begin ] --START--
INFO: Run Behavior\ReadHtmlCacheBehavior [ RunTime:0.001000s ]
INFO: [ app_begin ] --END-- [ RunTime:0.002000s ]
SQL: SHOW COLUMNS FROM `m_longcomment` [ RunTime:0.0040s ]
SQL: SHOW COLUMNS FROM `m_comgrade` [ RunTime:0.0040s ]
SQL: INSERT INTO `m_longcomment` (`comment_text`,`comment_mid`,`comment_status`,`comment_time`,`comment_uid`) VALUES ('111','7','1','1446646575','17') [ RunTime:0.0000s ]
SQL: INSERT INTO `m_comgrade` (`comgrade_mid`,`comgrade_uid`,`comgrade_grade`) VALUES ('7','17','6') [ RunTime:0.0000s ]
INFO: [ app_end ] --START--
INFO: Run Behavior\ShowPageTraceBehavior [ RunTime:0.001000s ]
INFO: [ app_end ] --END-- [ RunTime:0.001000s ]

[ 2015-11-04T22:16:45+08:00 ] ::1 /mtime/index.php/Home/Comment/sortcomment?comment_grade=8&comment_text=111&comment_mid=11
INFO: [ app_begin ] --START--
INFO: Run Behavior\ReadHtmlCacheBehavior [ RunTime:0.001000s ]
INFO: [ app_begin ] --END-- [ RunTime:0.001000s ]
SQL: SHOW COLUMNS FROM `m_longcomment` [ RunTime:0.0040s ]
SQL: SHOW COLUMNS FROM `m_comgrade` [ RunTime:0.0040s ]
SQL: INSERT INTO `m_longcomment` (`comment_text`,`comment_mid`,`comment_status`,`comment_time`,`comment_uid`) VALUES ('111','11','1','1446646605','17') [ RunTime:0.0010s ]
SQL: INSERT INTO `m_comgrade` (`comgrade_mid`,`comgrade_uid`,`comgrade_grade`) VALUES ('11','17','8') [ RunTime:0.0000s ]
INFO: [ app_end ] --START--
INFO: Run Behavior\ShowPageTraceBehavior [ RunTime:0.001000s ]
INFO: [ app_end ] --END-- [ RunTime:0.001000s ]

[ 2015-11-04T22:17:05+08:00 ] ::1 /mtime/index.php/Home/Comment/sortcomment?comment_grade=8&comment_text=1111&comment_mid=8
INFO: [ app_begin ] --START--
INFO: Run Behavior\ReadHtmlCacheBehavior [ RunTime:0.000000s ]
INFO: [ app_begin ] --END-- [ RunTime:0.000000s ]
SQL: SHOW COLUMNS FROM `m_longcomment` [ RunTime:0.0040s ]
SQL: SHOW COLUMNS FROM `m_comgrade` [ RunTime:0.0050s ]
SQL: INSERT INTO `m_longcomment` (`comment_text`,`comment_mid`,`comment_status`,`comment_time`,`comment_uid`) VALUES ('1111','8','1','1446646625','17') [ RunTime:0.0000s ]
SQL: INSERT INTO `m_comgrade` (`comgrade_mid`,`comgrade_uid`,`comgrade_grade`) VALUES ('8','17','8') [ RunTime:0.0010s ]
INFO: [ app_end ] --START--
INFO: Run Behavior\ShowPageTraceBehavior [ RunTime:0.001001s ]
INFO: [ app_end ] --END-- [ RunTime:0.001001s ]

[ 2015-11-04T22:18:26+08:00 ] ::1 /mtime/index.php/Home/Comment/sortcomment?comment_grade=6&comment_text=1111&comment_mid=7
INFO: [ app_begin ] --START--
INFO: Run Behavior\ReadHtmlCacheBehavior [ RunTime:0.001000s ]
INFO: [ app_begin ] --END-- [ RunTime:0.001000s ]
SQL: SHOW COLUMNS FROM `m_longcomment` [ RunTime:0.0060s ]
SQL: SHOW COLUMNS FROM `m_comgrade` [ RunTime:0.0040s ]
SQL: INSERT INTO `m_longcomment` (`comment_text`,`comment_mid`,`comment_status`,`comment_time`,`comment_uid`) VALUES ('1111','7','1','1446646706','17') [ RunTime:0.0000s ]
SQL: INSERT INTO `m_comgrade` (`comgrade_mid`,`comgrade_uid`,`comgrade_grade`) VALUES ('7','17','6') [ RunTime:0.0000s ]
INFO: [ app_end ] --START--
INFO: Run Behavior\ShowPageTraceBehavior [ RunTime:0.001000s ]
INFO: [ app_end ] --END-- [ RunTime:0.001000s ]

[ 2015-11-04T22:28:18+08:00 ] ::1 /mtime/index.php/Home/Movie/movieindex/id/7
ERR: SQLSTATE[42000]: Syntax error or access violation: 1064 You have an error in your SQL syntax; check the manual that corresponds to your MySQL server version for the right syntax to use near ') LIMIT 1' at line 1

[ 2015-11-04T22:34:16+08:00 ] ::1 /mtime/index.php/Home/Comment/recomment?recomment_text=111&recomment_cid=57
INFO: [ app_begin ] --START--
INFO: Run Behavior\ReadHtmlCacheBehavior [ RunTime:0.001000s ]
INFO: [ app_begin ] --END-- [ RunTime:0.001000s ]
SQL: SHOW COLUMNS FROM `m_recomment` [ RunTime:0.0050s ]
SQL: INSERT INTO `m_recomment` (`recomment_cid`,`recomment_text`,`recomment_status`,`recomment_time`,`recomment_uid`) VALUES ('57','111','1','1446647656','17') [ RunTime:0.0000s ]
INFO: [ app_end ] --START--
INFO: Run Behavior\ShowPageTraceBehavior [ RunTime:0.000000s ]
INFO: [ app_end ] --END-- [ RunTime:0.001000s ]

[ 2015-11-04T22:34:21+08:00 ] ::1 /mtime/index.php/Home/Comment/sortcomment?comment_grade=6&comment_text=111&comment_mid=7
INFO: [ app_begin ] --START--
INFO: Run Behavior\ReadHtmlCacheBehavior [ RunTime:0.002001s ]
INFO: [ app_begin ] --END-- [ RunTime:0.002001s ]
SQL: SHOW COLUMNS FROM `m_longcomment` [ RunTime:0.0040s ]
SQL: SHOW COLUMNS FROM `m_comgrade` [ RunTime:0.0040s ]
SQL: INSERT INTO `m_longcomment` (`comment_text`,`comment_mid`,`comment_status`,`comment_time`,`comment_uid`) VALUES ('111','7','1','1446647661','17') [ RunTime:0.0010s ]
SQL: INSERT INTO `m_comgrade` (`comgrade_mid`,`comgrade_uid`,`comgrade_grade`) VALUES ('7','17','6') [ RunTime:0.0000s ]
INFO: [ app_end ] --START--
INFO: Run Behavior\ShowPageTraceBehavior [ RunTime:0.001000s ]
INFO: [ app_end ] --END-- [ RunTime:0.001000s ]

[ 2015-11-04T22:47:20+08:00 ] ::1 /mtime/index.php/Home/Comment/sortcomment?comment_grade=6&comment_text=aaa&comment_mid=7
INFO: [ app_begin ] --START--
INFO: Run Behavior\ReadHtmlCacheBehavior [ RunTime:0.001000s ]
INFO: [ app_begin ] --END-- [ RunTime:0.001000s ]
SQL: SHOW COLUMNS FROM `m_longcomment` [ RunTime:0.0050s ]
SQL: SHOW COLUMNS FROM `m_comgrade` [ RunTime:0.0050s ]
SQL: INSERT INTO `m_longcomment` (`comment_text`,`comment_mid`,`comment_status`,`comment_time`,`comment_uid`) VALUES ('aaa','7','1','1446648440','17') [ RunTime:0.0010s ]
SQL: INSERT INTO `m_comgrade` (`comgrade_mid`,`comgrade_uid`,`comgrade_grade`) VALUES ('7','17','6') [ RunTime:0.0000s ]
INFO: [ app_end ] --START--
INFO: Run Behavior\ShowPageTraceBehavior [ RunTime:0.001001s ]
INFO: [ app_end ] --END-- [ RunTime:0.001001s ]

[ 2015-11-04T23:07:44+08:00 ] ::1 /mtime/index.php/Home/Comment/sortcomment?comment_grade=6&comment_text=11&comment_mid=7
INFO: [ app_begin ] --START--
INFO: Run Behavior\ReadHtmlCacheBehavior [ RunTime:0.001000s ]
INFO: [ app_begin ] --END-- [ RunTime:0.002000s ]
SQL: SHOW COLUMNS FROM `m_longcomment` [ RunTime:0.0060s ]
SQL: SHOW COLUMNS FROM `m_comgrade` [ RunTime:0.0080s ]
SQL: INSERT INTO `m_longcomment` (`comment_text`,`comment_mid`,`comment_status`,`comment_time`,`comment_uid`) VALUES ('11','7','1','1446649664','17') [ RunTime:0.0010s ]
SQL: INSERT INTO `m_comgrade` (`comgrade_mid`,`comgrade_uid`,`comgrade_grade`) VALUES ('7','17','6') [ RunTime:0.0010s ]
INFO: [ app_end ] --START--
INFO: Run Behavior\ShowPageTraceBehavior [ RunTime:0.002000s ]
INFO: [ app_end ] --END-- [ RunTime:0.002000s ]

[ 2015-11-04T23:11:36+08:00 ] ::1 /mtime/index.php/Home/Comment/sortcomment?comment_grade=6&comment_text=qqq&comment_mid=7
INFO: [ app_begin ] --START--
INFO: Run Behavior\ReadHtmlCacheBehavior [ RunTime:0.001000s ]
INFO: [ app_begin ] --END-- [ RunTime:0.001000s ]
SQL: SHOW COLUMNS FROM `m_longcomment` [ RunTime:0.0060s ]
SQL: SHOW COLUMNS FROM `m_comgrade` [ RunTime:0.0060s ]
SQL: INSERT INTO `m_longcomment` (`comment_text`,`comment_mid`,`comment_status`,`comment_time`,`comment_uid`) VALUES ('qqq','7','1','1446649896','17') [ RunTime:0.0010s ]
SQL: INSERT INTO `m_comgrade` (`comgrade_mid`,`comgrade_uid`,`comgrade_grade`) VALUES ('7','17','6') [ RunTime:0.0010s ]
INFO: [ app_end ] --START--
INFO: Run Behavior\ShowPageTraceBehavior [ RunTime:0.001001s ]
INFO: [ app_end ] --END-- [ RunTime:0.002001s ]

[ 2015-11-04T23:15:07+08:00 ] ::1 /mtime/index.php/Home/Comment/sortcomment?comment_grade=6&comment_text=qq&comment_mid=7
INFO: [ app_begin ] --START--
INFO: Run Behavior\ReadHtmlCacheBehavior [ RunTime:0.001001s ]
INFO: [ app_begin ] --END-- [ RunTime:0.002001s ]
SQL: SHOW COLUMNS FROM `m_longcomment` [ RunTime:0.0060s ]
SQL: SHOW COLUMNS FROM `m_comgrade` [ RunTime:0.0090s ]
SQL: INSERT INTO `m_longcomment` (`comment_text`,`comment_mid`,`comment_status`,`comment_time`,`comment_uid`) VALUES ('qq','7','1','1446650107','17') [ RunTime:0.0020s ]
SQL: INSERT INTO `m_comgrade` (`comgrade_mid`,`comgrade_uid`,`comgrade_grade`) VALUES ('7','17','6') [ RunTime:0.0010s ]
INFO: [ app_end ] --START--
INFO: Run Behavior\ShowPageTraceBehavior [ RunTime:0.002000s ]
INFO: [ app_end ] --END-- [ RunTime:0.002000s ]

[ 2015-11-04T23:15:19+08:00 ] ::1 /mtime/index.php/Home/Comment/updatedz?comment_zs=1&comment_id=61
INFO: [ app_begin ] --START--
INFO: Run Behavior\ReadHtmlCacheBehavior [ RunTime:0.001001s ]
INFO: [ app_begin ] --END-- [ RunTime:0.001001s ]
SQL: SHOW COLUMNS FROM `m_longcomment` [ RunTime:0.0070s ]
SQL: UPDATE `m_longcomment` SET `comment_zs`='1' WHERE ( comment_id = 61 ) [ RunTime:0.0010s ]
INFO: [ app_end ] --START--
INFO: Run Behavior\ShowPageTraceBehavior [ RunTime:0.001000s ]
INFO: [ app_end ] --END-- [ RunTime:0.001000s ]

[ 2015-11-04T23:21:51+08:00 ] ::1 /mtime/index.php/Home/Movie/guessmovie?result=%E6%B3%A2%E5%B8%8C%E7%B1%B3%E4%BA%9A%E4%BA%BA&guessid=2
INFO: [ app_begin ] --START--
INFO: Run Behavior\ReadHtmlCacheBehavior [ RunTime:0.002000s ]
INFO: [ app_begin ] --END-- [ RunTime:0.002000s ]
SQL: SHOW COLUMNS FROM `m_guessmovie` [ RunTime:0.0060s ]
SQL: SELECT `guess_result` FROM `m_guessmovie` WHERE ( guess_id = 2 ) LIMIT 1   [ RunTime:0.0010s ]
INFO: [ app_end ] --START--
INFO: Run Behavior\ShowPageTraceBehavior [ RunTime:0.001000s ]
INFO: [ app_end ] --END-- [ RunTime:0.001000s ]

[ 2015-11-04T23:22:05+08:00 ] ::1 /mtime/index.php/Home/Movie/guessmovie?result=%E8%9D%B4%E8%9D%B6%E5%A4%AB%E4%BA%BA&guessid=2
INFO: [ app_begin ] --START--
INFO: Run Behavior\ReadHtmlCacheBehavior [ RunTime:0.001000s ]
INFO: [ app_begin ] --END-- [ RunTime:0.002000s ]
SQL: SHOW COLUMNS FROM `m_guessmovie` [ RunTime:0.0060s ]
SQL: SELECT `guess_result` FROM `m_guessmovie` WHERE ( guess_id = 2 ) LIMIT 1   [ RunTime:0.0000s ]
INFO: [ app_end ] --START--
INFO: Run Behavior\ShowPageTraceBehavior [ RunTime:0.002000s ]
INFO: [ app_end ] --END-- [ RunTime:0.002000s ]

[ 2015-11-04T23:22:08+08:00 ] ::1 /mtime/index.php/Home/Movie/guessmovie?result=%E5%9B%BE%E5%85%B0%E6%9C%B5&guessid=2
INFO: [ app_begin ] --START--
INFO: Run Behavior\ReadHtmlCacheBehavior [ RunTime:0.001000s ]
INFO: [ app_begin ] --END-- [ RunTime:0.003000s ]
SQL: SHOW COLUMNS FROM `m_guessmovie` [ RunTime:0.0050s ]
SQL: SELECT `guess_result` FROM `m_guessmovie` WHERE ( guess_id = 2 ) LIMIT 1   [ RunTime:0.0010s ]
INFO: [ app_end ] --START--
INFO: Run Behavior\ShowPageTraceBehavior [ RunTime:0.001000s ]
INFO: [ app_end ] --END-- [ RunTime:0.001000s ]

[ 2015-11-04T23:22:16+08:00 ] ::1 /mtime/index.php/Home/Movie/guessmovie?result=%E6%89%98%E6%96%AF%E5%8D%A1&guessid=2
INFO: [ app_begin ] --START--
INFO: Run Behavior\ReadHtmlCacheBehavior [ RunTime:0.001000s ]
INFO: [ app_begin ] --END-- [ RunTime:0.003000s ]
SQL: SHOW COLUMNS FROM `m_guessmovie` [ RunTime:0.0060s ]
SQL: SELECT `guess_result` FROM `m_guessmovie` WHERE ( guess_id = 2 ) LIMIT 1   [ RunTime:0.0010s ]
INFO: [ app_end ] --START--
INFO: Run Behavior\ShowPageTraceBehavior [ RunTime:0.002000s ]
INFO: [ app_end ] --END-- [ RunTime:0.002000s ]

[ 2015-11-04T23:22:18+08:00 ] ::1 /mtime/index.php/Home/Movie/guessmovie?result=%E6%89%98%E6%96%AF%E5%8D%A1&guessid=2
INFO: [ app_begin ] --START--
INFO: Run Behavior\ReadHtmlCacheBehavior [ RunTime:0.002000s ]
INFO: [ app_begin ] --END-- [ RunTime:0.002000s ]
SQL: SHOW COLUMNS FROM `m_guessmovie` [ RunTime:0.0050s ]
SQL: SELECT `guess_result` FROM `m_guessmovie` WHERE ( guess_id = 2 ) LIMIT 1   [ RunTime:0.0010s ]
INFO: [ app_end ] --START--
INFO: Run Behavior\ShowPageTraceBehavior [ RunTime:0.001000s ]
INFO: [ app_end ] --END-- [ RunTime:0.002000s ]

[ 2015-11-04T23:22:35+08:00 ] ::1 /mtime/index.php/Home/Comment/updatedz?comment_zs=2&comment_id=61
INFO: [ app_begin ] --START--
INFO: Run Behavior\ReadHtmlCacheBehavior [ RunTime:0.002000s ]
INFO: [ app_begin ] --END-- [ RunTime:0.002000s ]
SQL: SHOW COLUMNS FROM `m_longcomment` [ RunTime:0.0050s ]
SQL: UPDATE `m_longcomment` SET `comment_zs`='2' WHERE ( comment_id = 61 ) [ RunTime:0.0000s ]
INFO: [ app_end ] --START--
INFO: Run Behavior\ShowPageTraceBehavior [ RunTime:0.001000s ]
INFO: [ app_end ] --END-- [ RunTime:0.002000s ]

[ 2015-11-04T23:22:36+08:00 ] ::1 /mtime/index.php/Home/Comment/updatedz?comment_zs=3&comment_id=61
INFO: [ app_begin ] --START--
INFO: Run Behavior\ReadHtmlCacheBehavior [ RunTime:0.001000s ]
INFO: [ app_begin ] --END-- [ RunTime:0.002000s ]
SQL: SHOW COLUMNS FROM `m_longcomment` [ RunTime:0.0050s ]
SQL: UPDATE `m_longcomment` SET `comment_zs`='3' WHERE ( comment_id = 61 ) [ RunTime:0.0000s ]
INFO: [ app_end ] --START--
INFO: Run Behavior\ShowPageTraceBehavior [ RunTime:0.001000s ]
INFO: [ app_end ] --END-- [ RunTime:0.001000s ]

[ 2015-11-04T23:22:37+08:00 ] ::1 /mtime/index.php/Home/Comment/updatedz?comment_zs=1&comment_id=62
INFO: [ app_begin ] --START--
INFO: Run Behavior\ReadHtmlCacheBehavior [ RunTime:0.001000s ]
INFO: [ app_begin ] --END-- [ RunTime:0.003000s ]
SQL: SHOW COLUMNS FROM `m_longcomment` [ RunTime:0.0050s ]
SQL: UPDATE `m_longcomment` SET `comment_zs`='1' WHERE ( comment_id = 62 ) [ RunTime:0.0000s ]
INFO: [ app_end ] --START--
INFO: Run Behavior\ShowPageTraceBehavior [ RunTime:0.001000s ]
INFO: [ app_end ] --END-- [ RunTime:0.002000s ]

[ 2015-11-04T23:22:37+08:00 ] ::1 /mtime/index.php/Home/Comment/updatedz?comment_zs=2&comment_id=62
INFO: [ app_begin ] --START--
INFO: Run Behavior\ReadHtmlCacheBehavior [ RunTime:0.001000s ]
INFO: [ app_begin ] --END-- [ RunTime:0.001000s ]
SQL: SHOW COLUMNS FROM `m_longcomment` [ RunTime:0.0050s ]
SQL: UPDATE `m_longcomment` SET `comment_zs`='2' WHERE ( comment_id = 62 ) [ RunTime:0.0000s ]
INFO: [ app_end ] --START--
INFO: Run Behavior\ShowPageTraceBehavior [ RunTime:0.002001s ]
INFO: [ app_end ] --END-- [ RunTime:0.002001s ]

[ 2015-11-04T23:22:38+08:00 ] ::1 /mtime/index.php/Home/Comment/updatedz?comment_zs=3&comment_id=62
INFO: [ app_begin ] --START--
INFO: Run Behavior\ReadHtmlCacheBehavior [ RunTime:0.001001s ]
INFO: [ app_begin ] --END-- [ RunTime:0.003001s ]
SQL: SHOW COLUMNS FROM `m_longcomment` [ RunTime:0.0040s ]
SQL: UPDATE `m_longcomment` SET `comment_zs`='3' WHERE ( comment_id = 62 ) [ RunTime:0.0000s ]
INFO: [ app_end ] --START--
INFO: Run Behavior\ShowPageTraceBehavior [ RunTime:0.001000s ]
INFO: [ app_end ] --END-- [ RunTime:0.001000s ]

[ 2015-11-04T23:23:08+08:00 ] ::1 /mtime/index.php/Home/Comment/recomment?recomment_text=111&recomment_cid=61
INFO: [ app_begin ] --START--
INFO: Run Behavior\ReadHtmlCacheBehavior [ RunTime:0.001000s ]
INFO: [ app_begin ] --END-- [ RunTime:0.002000s ]
SQL: SHOW COLUMNS FROM `m_recomment` [ RunTime:0.0050s ]
SQL: INSERT INTO `m_recomment` (`recomment_cid`,`recomment_text`,`recomment_status`,`recomment_time`,`recomment_uid`) VALUES ('61','111','1','1446650588','17') [ RunTime:0.0010s ]
INFO: [ app_end ] --START--
INFO: Run Behavior\ShowPageTraceBehavior [ RunTime:0.002000s ]
INFO: [ app_end ] --END-- [ RunTime:0.002000s ]

