[ 2015-10-21T16:34:20+08:00 ] ::1 /mtime/index.php/Home/Comment/updatedz?comment_zs=1&comment_id=7
INFO: [ app_begin ] --START--
INFO: Run Behavior\ReadHtmlCacheBehavior [ RunTime:0.001000s ]
INFO: [ app_begin ] --END-- [ RunTime:0.001000s ]
SQL: SHOW COLUMNS FROM `m_longcomment` [ RunTime:0.0040s ]
SQL: UPDATE `m_longcomment` SET `comment_zs`='1' WHERE ( comment_id = 7 ) [ RunTime:0.0000s ]
INFO: [ app_end ] --START--
INFO: Run Behavior\ShowPageTraceBehavior [ RunTime:0.001001s ]
INFO: [ app_end ] --END-- [ RunTime:0.001001s ]

[ 2015-10-21T16:34:20+08:00 ] ::1 /mtime/index.php/Home/Comment/updatedz?comment_zs=2&comment_id=7
INFO: [ app_begin ] --START--
INFO: Run Behavior\ReadHtmlCacheBehavior [ RunTime:0.001000s ]
INFO: [ app_begin ] --END-- [ RunTime:0.002000s ]
SQL: SHOW COLUMNS FROM `m_longcomment` [ RunTime:0.0080s ]
SQL: UPDATE `m_longcomment` SET `comment_zs`='2' WHERE ( comment_id = 7 ) [ RunTime:0.0020s ]
INFO: [ app_end ] --START--
INFO: Run Behavior\ShowPageTraceBehavior [ RunTime:0.002000s ]
INFO: [ app_end ] --END-- [ RunTime:0.002000s ]

[ 2015-10-21T16:34:21+08:00 ] ::1 /mtime/index.php/Home/Comment/updatedz?comment_zs=3&comment_id=7
INFO: [ app_begin ] --START--
INFO: Run Behavior\ReadHtmlCacheBehavior [ RunTime:0.001000s ]
INFO: [ app_begin ] --END-- [ RunTime:0.003000s ]
SQL: SHOW COLUMNS FROM `m_longcomment` [ RunTime:0.0040s ]
SQL: UPDATE `m_longcomment` SET `comment_zs`='3' WHERE ( comment_id = 7 ) [ RunTime:0.0010s ]
INFO: [ app_end ] --START--
INFO: Run Behavior\ShowPageTraceBehavior [ RunTime:0.001000s ]
INFO: [ app_end ] --END-- [ RunTime:0.001000s ]

[ 2015-10-21T16:34:21+08:00 ] ::1 /mtime/index.php/Home/Comment/updatedz?comment_zs=4&comment_id=7
INFO: [ app_begin ] --START--
INFO: Run Behavior\ReadHtmlCacheBehavior [ RunTime:0.001000s ]
INFO: [ app_begin ] --END-- [ RunTime:0.002000s ]
SQL: SHOW COLUMNS FROM `m_longcomment` [ RunTime:0.0050s ]
SQL: UPDATE `m_longcomment` SET `comment_zs`='4' WHERE ( comment_id = 7 ) [ RunTime:0.0000s ]
INFO: [ app_end ] --START--
INFO: Run Behavior\ShowPageTraceBehavior [ RunTime:0.000000s ]
INFO: [ app_end ] --END-- [ RunTime:0.000000s ]

[ 2015-10-21T18:17:00+08:00 ] ::1 /mtime/Public/Home/css/bigimg.css
ERR: 无法加载控制器:Public

[ 2015-10-21T18:17:00+08:00 ] ::1 /mtime/Public/Home/js/picjs/bigimg.js
ERR: 无法加载控制器:Public

[ 2015-10-21T18:17:03+08:00 ] ::1 /mtime/Public/Home/js/picjs/bigimg.js
ERR: 无法加载控制器:Public

[ 2015-10-21T18:17:03+08:00 ] ::1 /mtime/Public/Home/css/bigimg.css
ERR: 无法加载控制器:Public

[ 2015-10-21T23:43:56+08:00 ] ::1 /mtime/index.php/Home/sortcomment?comment_grade=&comment_text=aaaa&comment_mid=9
INFO: [ app_begin ] --START--
INFO: Run Behavior\ReadHtmlCacheBehavior [ RunTime:0.000000s ]
INFO: [ app_begin ] --END-- [ RunTime:0.002500s ]
ERR: 无法加载控制器:Sortcomment

[ 2015-10-21T23:44:43+08:00 ] ::1 /mtime/index.php/Home/Comment/sortcomment?comment_grade=6&comment_text=aaaa&comment_mid=9
INFO: [ app_begin ] --START--
INFO: Run Behavior\ReadHtmlCacheBehavior [ RunTime:0.000000s ]
INFO: [ app_begin ] --END-- [ RunTime:0.000000s ]
SQL: SHOW COLUMNS FROM `m_longcomment` [ RunTime:0.0075s ]
SQL: INSERT INTO `m_longcomment` (`comment_grade`,`comment_text`,`comment_mid`,`comment_status`,`comment_uid`) VALUES ('6','aaaa','9','1','17') [ RunTime:0.0450s ]
INFO: [ app_end ] --START--
INFO: Run Behavior\ShowPageTraceBehavior [ RunTime:0.000000s ]
INFO: [ app_end ] --END-- [ RunTime:0.002500s ]

[ 2015-10-21T23:45:54+08:00 ] ::1 /mtime/index.php/Home/Comment/sortcomment?comment_grade=8&comment_text=aaa&comment_mid=9
INFO: [ app_begin ] --START--
INFO: Run Behavior\ReadHtmlCacheBehavior [ RunTime:0.000000s ]
INFO: [ app_begin ] --END-- [ RunTime:0.000000s ]

[ 2015-10-21T23:46:02+08:00 ] ::1 /mtime/index.php/Home/Comment/sortcomment?comment_grade=8&comment_text=aaa&comment_mid=9
INFO: [ app_begin ] --START--
INFO: Run Behavior\ReadHtmlCacheBehavior [ RunTime:0.002500s ]
INFO: [ app_begin ] --END-- [ RunTime:0.002500s ]

[ 2015-10-21T23:46:03+08:00 ] ::1 /mtime/index.php/Home/Comment/sortcomment?comment_grade=8&comment_text=aaa&comment_mid=9
INFO: [ app_begin ] --START--
INFO: Run Behavior\ReadHtmlCacheBehavior [ RunTime:0.002500s ]
INFO: [ app_begin ] --END-- [ RunTime:0.002500s ]

[ 2015-10-21T23:46:03+08:00 ] ::1 /mtime/index.php/Home/Comment/sortcomment?comment_grade=8&comment_text=aaa&comment_mid=9
INFO: [ app_begin ] --START--
INFO: Run Behavior\ReadHtmlCacheBehavior [ RunTime:0.002500s ]
INFO: [ app_begin ] --END-- [ RunTime:0.002500s ]

[ 2015-10-21T23:46:03+08:00 ] ::1 /mtime/index.php/Home/Comment/sortcomment?comment_grade=8&comment_text=aaa&comment_mid=9
INFO: [ app_begin ] --START--
INFO: Run Behavior\ReadHtmlCacheBehavior [ RunTime:0.002500s ]
INFO: [ app_begin ] --END-- [ RunTime:0.002500s ]

[ 2015-10-21T23:46:10+08:00 ] ::1 /mtime/index.php/Home/Comment/sortcomment?comment_grade=6&comment_text=aa&comment_mid=9
INFO: [ app_begin ] --START--
INFO: Run Behavior\ReadHtmlCacheBehavior [ RunTime:0.002500s ]
INFO: [ app_begin ] --END-- [ RunTime:0.002500s ]

[ 2015-10-21T23:46:38+08:00 ] ::1 /mtime/index.php/Home/Comment/sortcomment?comment_grade=7&comment_text=aa&comment_mid=9
INFO: [ app_begin ] --START--
INFO: Run Behavior\ReadHtmlCacheBehavior [ RunTime:0.002500s ]
INFO: [ app_begin ] --END-- [ RunTime:0.002500s ]
SQL: SHOW COLUMNS FROM `m_longcomment` [ RunTime:0.0100s ]
SQL: INSERT INTO `m_longcomment` (`comment_grade`,`comment_text`,`comment_mid`,`comment_status`,`comment_uid`) VALUES ('70','aa','9','1','17') [ RunTime:0.0025s ]
INFO: [ app_end ] --START--
INFO: Run Behavior\ShowPageTraceBehavior [ RunTime:0.000000s ]
INFO: [ app_end ] --END-- [ RunTime:0.000000s ]

[ 2015-10-21T23:46:58+08:00 ] ::1 /mtime/index.php/Home/Comment/sortcomment?comment_grade=7&comment_text=aa&comment_mid=9
INFO: [ app_begin ] --START--
INFO: Run Behavior\ReadHtmlCacheBehavior [ RunTime:0.002500s ]
INFO: [ app_begin ] --END-- [ RunTime:0.002500s ]
SQL: SHOW COLUMNS FROM `m_longcomment` [ RunTime:0.0075s ]
SQL: INSERT INTO `m_longcomment` (`comment_grade`,`comment_text`,`comment_mid`,`comment_status`,`comment_uid`) VALUES ('7','aa','9','1','17') [ RunTime:0.0000s ]
INFO: [ app_end ] --START--
INFO: Run Behavior\ShowPageTraceBehavior [ RunTime:0.002500s ]
INFO: [ app_end ] --END-- [ RunTime:0.002500s ]

[ 2015-10-21T23:49:19+08:00 ] ::1 /mtime/index.php/Home/Comment/sortcomment?comment_grade=8&comment_text=aaa&comment_mid=9
INFO: [ app_begin ] --START--
INFO: Run Behavior\ReadHtmlCacheBehavior [ RunTime:0.002500s ]
INFO: [ app_begin ] --END-- [ RunTime:0.002500s ]
SQL: SHOW COLUMNS FROM `m_longcomment` [ RunTime:0.0075s ]
SQL: INSERT INTO `m_longcomment` (`comment_grade`,`comment_text`,`comment_mid`,`comment_status`,`comment_time`,`comment_uid`) VALUES ('8','aaa','9','1','1445442559','17') [ RunTime:0.0000s ]
INFO: [ app_end ] --START--
INFO: Run Behavior\ShowPageTraceBehavior [ RunTime:0.000000s ]
INFO: [ app_end ] --END-- [ RunTime:0.000000s ]

