[ 2015-10-11T16:02:09+08:00 ] ::1 /mtime/profile/basic
ERR: SQLSTATE[42000]: Syntax error or access violation: 1064 You have an error in your SQL syntax; check the manual that corresponds to your MySQL server version for the right syntax to use near ') LIMIT 1' at line 1

[ 2015-10-11T16:02:41+08:00 ] ::1 /mtime/profile/basic
ERR: SQLSTATE[42000]: Syntax error or access violation: 1064 You have an error in your SQL syntax; check the manual that corresponds to your MySQL server version for the right syntax to use near ') LIMIT 1' at line 1

[ 2015-10-11T16:53:12+08:00 ] ::1 /mtime/index.php/Home/Profile/NaN
ERR: 非法操作:NaN

[ 2015-10-11T17:26:30+08:00 ] ::1 /mtime/index.php/Home/Profile/selectpass?password=aa
INFO: [ app_begin ] --START--
INFO: Run Behavior\ReadHtmlCacheBehavior [ RunTime:0.001000s ]
INFO: [ app_begin ] --END-- [ RunTime:0.001000s ]
INFO: [ app_end ] --START--
INFO: Run Behavior\ShowPageTraceBehavior [ RunTime:0.001000s ]
INFO: [ app_end ] --END-- [ RunTime:0.001000s ]

[ 2015-10-11T17:26:35+08:00 ] ::1 /mtime/index.php/Home/Profile/selectpass?password=aa
INFO: [ app_begin ] --START--
INFO: Run Behavior\ReadHtmlCacheBehavior [ RunTime:0.002000s ]
INFO: [ app_begin ] --END-- [ RunTime:0.002000s ]
INFO: [ app_end ] --START--
INFO: Run Behavior\ShowPageTraceBehavior [ RunTime:0.001000s ]
INFO: [ app_end ] --END-- [ RunTime:0.001000s ]

[ 2015-10-11T17:26:59+08:00 ] ::1 /mtime/index.php/Home/Profile/selectpass?password=aa
INFO: [ app_begin ] --START--
INFO: Run Behavior\ReadHtmlCacheBehavior [ RunTime:0.001000s ]
INFO: [ app_begin ] --END-- [ RunTime:0.002000s ]
INFO: [ app_end ] --START--
INFO: Run Behavior\ShowPageTraceBehavior [ RunTime:0.002000s ]
INFO: [ app_end ] --END-- [ RunTime:0.002000s ]

[ 2015-10-11T17:35:00+08:00 ] ::1 /mtime/index.php/Home/Profile/selectpass?password=aaa
INFO: [ app_begin ] --START--
INFO: Run Behavior\ReadHtmlCacheBehavior [ RunTime:0.001000s ]
INFO: [ app_begin ] --END-- [ RunTime:0.001000s ]
SQL: SHOW COLUMNS FROM `m_member` [ RunTime:0.0050s ]
ERR: SQLSTATE[42S22]: Column not found: 1054 Unknown column 'aaa' in 'where clause'

[ 2015-10-11T17:36:56+08:00 ] ::1 /mtime/index.php/Home/Profile/selectpass?password=aa
INFO: [ app_begin ] --START--
INFO: Run Behavior\ReadHtmlCacheBehavior [ RunTime:0.001000s ]
INFO: [ app_begin ] --END-- [ RunTime:0.002000s ]
SQL: SHOW COLUMNS FROM `m_member` [ RunTime:0.0090s ]
ERR: SQLSTATE[42S22]: Column not found: 1054 Unknown column 'aa' in 'where clause'

[ 2015-10-11T17:40:10+08:00 ] ::1 /mtime/index.php/Profile/selectpass?password=a
INFO: [ app_begin ] --START--
INFO: Run Behavior\ReadHtmlCacheBehavior [ RunTime:0.001000s ]
INFO: [ app_begin ] --END-- [ RunTime:0.001000s ]
SQL: SHOW COLUMNS FROM `m_member` [ RunTime:0.0100s ]
ERR: SQLSTATE[42S22]: Column not found: 1054 Unknown column 'a' in 'where clause'

[ 2015-10-11T17:40:46+08:00 ] ::1 /mtime/index.php/Profile/findpass?password=a
INFO: [ app_begin ] --START--
INFO: Run Behavior\ReadHtmlCacheBehavior [ RunTime:0.001000s ]
INFO: [ app_begin ] --END-- [ RunTime:0.001000s ]
SQL: SHOW COLUMNS FROM `m_member` [ RunTime:0.0040s ]
ERR: SQLSTATE[42S22]: Column not found: 1054 Unknown column 'a' in 'where clause'

[ 2015-10-11T17:45:03+08:00 ] ::1 /mtime/index.php/Home/Profile/findpass
ERR: SQLSTATE[42000]: Syntax error or access violation: 1064 You have an error in your SQL syntax; check the manual that corresponds to your MySQL server version for the right syntax to use near ') LIMIT 1' at line 1

[ 2015-10-11T17:45:21+08:00 ] ::1 /mtime/index.php/Home/Profile/findpass
ERR: SQLSTATE[42000]: Syntax error or access violation: 1064 You have an error in your SQL syntax; check the manual that corresponds to your MySQL server version for the right syntax to use near ') LIMIT 1' at line 1

[ 2015-10-11T17:45:26+08:00 ] ::1 /mtime/index.php/Profile/findpass?password=a
INFO: [ app_begin ] --START--
INFO: Run Behavior\ReadHtmlCacheBehavior [ RunTime:0.002000s ]
INFO: [ app_begin ] --END-- [ RunTime:0.003000s ]
SQL: SHOW COLUMNS FROM `m_member` [ RunTime:0.0050s ]
ERR: SQLSTATE[42S22]: Column not found: 1054 Unknown column 'a' in 'where clause'

[ 2015-10-11T17:52:09+08:00 ] ::1 /mtime/index.php/Profile/findpass
ERR: SQLSTATE[42000]: Syntax error or access violation: 1064 You have an error in your SQL syntax; check the manual that corresponds to your MySQL server version for the right syntax to use near ') LIMIT 1' at line 1

[ 2015-10-11T17:52:35+08:00 ] ::1 /mtime/index.php/Profile/findpass?password=aa
INFO: [ app_begin ] --START--
INFO: Run Behavior\ReadHtmlCacheBehavior [ RunTime:0.001000s ]
INFO: [ app_begin ] --END-- [ RunTime:0.001000s ]
INFO: [ app_end ] --START--
INFO: Run Behavior\ShowPageTraceBehavior [ RunTime:0.001000s ]
INFO: [ app_end ] --END-- [ RunTime:0.001000s ]

[ 2015-10-11T17:53:01+08:00 ] ::1 /mtime/index.php/Profile/findpass?password=aa
INFO: [ app_begin ] --START--
INFO: Run Behavior\ReadHtmlCacheBehavior [ RunTime:0.000000s ]
INFO: [ app_begin ] --END-- [ RunTime:0.001000s ]
INFO: [ app_end ] --START--
INFO: Run Behavior\ShowPageTraceBehavior [ RunTime:0.001000s ]
INFO: [ app_end ] --END-- [ RunTime:0.001000s ]

[ 2015-10-11T17:55:37+08:00 ] ::1 /mtime/index.php/Profile/findpass?password=aa
INFO: [ app_begin ] --START--
INFO: Run Behavior\ReadHtmlCacheBehavior [ RunTime:0.001000s ]
INFO: [ app_begin ] --END-- [ RunTime:0.001000s ]
SQL: SHOW COLUMNS FROM `m_member` [ RunTime:0.0060s ]
ERR: SQLSTATE[42S22]: Column not found: 1054 Unknown column 'aa' in 'where clause'

[ 2015-10-11T17:55:46+08:00 ] ::1 /mtime/index.php/Profile/findpass?password=aa
INFO: [ app_begin ] --START--
INFO: Run Behavior\ReadHtmlCacheBehavior [ RunTime:0.001000s ]
INFO: [ app_begin ] --END-- [ RunTime:0.001000s ]
SQL: SHOW COLUMNS FROM `m_member` [ RunTime:0.0050s ]

[ 2015-10-11T18:01:46+08:00 ] ::1 /mtime/index.php/Profile/findpass?pass=a
INFO: [ app_begin ] --START--
INFO: Run Behavior\ReadHtmlCacheBehavior [ RunTime:0.001000s ]
INFO: [ app_begin ] --END-- [ RunTime:0.001000s ]
SQL: SHOW COLUMNS FROM `m_member` [ RunTime:0.0040s ]

[ 2015-10-11T18:03:41+08:00 ] ::1 /mtime/index.php/Profile/findpass?pass=A
INFO: [ app_begin ] --START--
INFO: Run Behavior\ReadHtmlCacheBehavior [ RunTime:0.001000s ]
INFO: [ app_begin ] --END-- [ RunTime:0.002000s ]
SQL: SHOW COLUMNS FROM `m_member` [ RunTime:0.0060s ]

[ 2015-10-11T18:03:50+08:00 ] ::1 /mtime/index.php/Profile/findpass?pass=A
INFO: [ app_begin ] --START--
INFO: Run Behavior\ReadHtmlCacheBehavior [ RunTime:0.001000s ]
INFO: [ app_begin ] --END-- [ RunTime:0.002000s ]
SQL: SHOW COLUMNS FROM `m_member` [ RunTime:0.0070s ]
ERR: SQLSTATE[42S22]: Column not found: 1054 Unknown column 'A' in 'where clause'

[ 2015-10-11T19:03:26+08:00 ] ::1 /mtime/index.php/User/select?emailname=359431465%40qq.com
INFO: [ app_begin ] --START--
INFO: Run Behavior\ReadHtmlCacheBehavior [ RunTime:0.001000s ]
INFO: [ app_begin ] --END-- [ RunTime:0.001000s ]
SQL: SHOW COLUMNS FROM `m_member` [ RunTime:0.1340s ]
SQL: SELECT * FROM `m_member` WHERE `member_name` = '359431465@qq.com' LIMIT 1   [ RunTime:0.0010s ]
INFO: [ app_end ] --START--
INFO: Run Behavior\ShowPageTraceBehavior [ RunTime:0.002000s ]
INFO: [ app_end ] --END-- [ RunTime:0.002000s ]

[ 2015-10-11T19:03:55+08:00 ] ::1 /mtime/index.php/Profile/findpass?pass=
INFO: [ app_begin ] --START--
INFO: Run Behavior\ReadHtmlCacheBehavior [ RunTime:0.001000s ]
INFO: [ app_begin ] --END-- [ RunTime:0.002000s ]
SQL: SHOW COLUMNS FROM `m_member` [ RunTime:0.0040s ]
ERR: SQLSTATE[42000]: Syntax error or access violation: 1064 You have an error in your SQL syntax; check the manual that corresponds to your MySQL server version for the right syntax to use near ') LIMIT 1' at line 1

[ 2015-10-11T19:03:58+08:00 ] ::1 /mtime/index.php/Profile/findpass?pass=
INFO: [ app_begin ] --START--
INFO: Run Behavior\ReadHtmlCacheBehavior [ RunTime:0.001000s ]
INFO: [ app_begin ] --END-- [ RunTime:0.002000s ]
SQL: SHOW COLUMNS FROM `m_member` [ RunTime:0.0080s ]
ERR: SQLSTATE[42000]: Syntax error or access violation: 1064 You have an error in your SQL syntax; check the manual that corresponds to your MySQL server version for the right syntax to use near ') LIMIT 1' at line 1

[ 2015-10-11T19:07:24+08:00 ] ::1 /mtime/index.php/Profile/findpass?pass=aa
INFO: [ app_begin ] --START--
INFO: Run Behavior\ReadHtmlCacheBehavior [ RunTime:0.001000s ]
INFO: [ app_begin ] --END-- [ RunTime:0.002000s ]
SQL: SHOW COLUMNS FROM `m_member` [ RunTime:0.0050s ]
SQL: SELECT * FROM `m_member` WHERE `member_pass` = 'aa' AND `id` = 17 LIMIT 1   [ RunTime:0.0010s ]
INFO: [ app_end ] --START--
INFO: Run Behavior\ShowPageTraceBehavior [ RunTime:0.001000s ]
INFO: [ app_end ] --END-- [ RunTime:0.001000s ]

[ 2015-10-11T19:07:30+08:00 ] ::1 /mtime/index.php/Profile/findpass?pass=123456
INFO: [ app_begin ] --START--
INFO: Run Behavior\ReadHtmlCacheBehavior [ RunTime:0.001001s ]
INFO: [ app_begin ] --END-- [ RunTime:0.002001s ]
SQL: SHOW COLUMNS FROM `m_member` [ RunTime:0.0040s ]
SQL: SELECT * FROM `m_member` WHERE `member_pass` = '123456' AND `id` = 17 LIMIT 1   [ RunTime:0.0000s ]
INFO: [ app_end ] --START--
INFO: Run Behavior\ShowPageTraceBehavior [ RunTime:0.001000s ]
INFO: [ app_end ] --END-- [ RunTime:0.001000s ]

[ 2015-10-11T19:07:43+08:00 ] ::1 /mtime/index.php/Profile/findpass?pass=123456
INFO: [ app_begin ] --START--
INFO: Run Behavior\ReadHtmlCacheBehavior [ RunTime:0.001000s ]
INFO: [ app_begin ] --END-- [ RunTime:0.002000s ]
SQL: SHOW COLUMNS FROM `m_member` [ RunTime:0.0030s ]
SQL: SELECT * FROM `m_member` WHERE `member_pass` = '123456' AND `id` = 17 LIMIT 1   [ RunTime:0.0000s ]
INFO: [ app_end ] --START--
INFO: Run Behavior\ShowPageTraceBehavior [ RunTime:0.001000s ]
INFO: [ app_end ] --END-- [ RunTime:0.002000s ]

[ 2015-10-11T19:07:49+08:00 ] ::1 /mtime/index.php/Profile/findpass?pass=123456
INFO: [ app_begin ] --START--
INFO: Run Behavior\ReadHtmlCacheBehavior [ RunTime:0.001000s ]
INFO: [ app_begin ] --END-- [ RunTime:0.002000s ]
SQL: SHOW COLUMNS FROM `m_member` [ RunTime:0.0040s ]
SQL: SELECT * FROM `m_member` WHERE `member_pass` = '123456' AND `id` = 17 LIMIT 1   [ RunTime:0.0010s ]
INFO: [ app_end ] --START--
INFO: Run Behavior\ShowPageTraceBehavior [ RunTime:0.001000s ]
INFO: [ app_end ] --END-- [ RunTime:0.001000s ]

[ 2015-10-11T19:08:32+08:00 ] ::1 /mtime/index.php/Profile/findpass?pass=111
INFO: [ app_begin ] --START--
INFO: Run Behavior\ReadHtmlCacheBehavior [ RunTime:0.001000s ]
INFO: [ app_begin ] --END-- [ RunTime:0.003000s ]
SQL: SHOW COLUMNS FROM `m_member` [ RunTime:0.0060s ]
SQL: SELECT * FROM `m_member` WHERE `member_pass` = '111' AND `id` = 17 LIMIT 1   [ RunTime:0.0000s ]
INFO: [ app_end ] --START--
INFO: Run Behavior\ShowPageTraceBehavior [ RunTime:0.001000s ]
INFO: [ app_end ] --END-- [ RunTime:0.001000s ]

[ 2015-10-11T19:08:36+08:00 ] ::1 /mtime/index.php/Profile/findpass?pass=123456
INFO: [ app_begin ] --START--
INFO: Run Behavior\ReadHtmlCacheBehavior [ RunTime:0.001000s ]
INFO: [ app_begin ] --END-- [ RunTime:0.001000s ]
SQL: SHOW COLUMNS FROM `m_member` [ RunTime:0.0040s ]
SQL: SELECT * FROM `m_member` WHERE `member_pass` = '123456' AND `id` = 17 LIMIT 1   [ RunTime:0.0010s ]
INFO: [ app_end ] --START--
INFO: Run Behavior\ShowPageTraceBehavior [ RunTime:0.001000s ]
INFO: [ app_end ] --END-- [ RunTime:0.001000s ]

[ 2015-10-11T19:09:55+08:00 ] ::1 /mtime/index.php/Profile/findpass?pass=aa
INFO: [ app_begin ] --START--
INFO: Run Behavior\ReadHtmlCacheBehavior [ RunTime:0.001000s ]
INFO: [ app_begin ] --END-- [ RunTime:0.002000s ]
SQL: SHOW COLUMNS FROM `m_member` [ RunTime:0.0050s ]
SQL: SELECT * FROM `m_member` WHERE `member_pass` = '4124bc0a9335c27f086f24ba207a4912' AND `id` = 17 LIMIT 1   [ RunTime:0.0010s ]
INFO: [ app_end ] --START--
INFO: Run Behavior\ShowPageTraceBehavior [ RunTime:0.001000s ]
INFO: [ app_end ] --END-- [ RunTime:0.001000s ]

[ 2015-10-11T19:09:58+08:00 ] ::1 /mtime/index.php/Profile/findpass?pass=123456
INFO: [ app_begin ] --START--
INFO: Run Behavior\ReadHtmlCacheBehavior [ RunTime:0.001000s ]
INFO: [ app_begin ] --END-- [ RunTime:0.002000s ]
SQL: SHOW COLUMNS FROM `m_member` [ RunTime:0.0040s ]
SQL: SELECT * FROM `m_member` WHERE `member_pass` = 'e10adc3949ba59abbe56e057f20f883e' AND `id` = 17 LIMIT 1   [ RunTime:0.0010s ]
INFO: [ app_end ] --START--
INFO: Run Behavior\ShowPageTraceBehavior [ RunTime:0.001001s ]
INFO: [ app_end ] --END-- [ RunTime:0.002001s ]

[ 2015-10-11T19:20:41+08:00 ] ::1 /mtime/index.php/Profile/findpass?pass=1
INFO: [ app_begin ] --START--
INFO: Run Behavior\ReadHtmlCacheBehavior [ RunTime:0.004001s ]
INFO: [ app_begin ] --END-- [ RunTime:0.006001s ]
SQL: SHOW COLUMNS FROM `m_member` [ RunTime:0.0050s ]
SQL: SELECT * FROM `m_member` WHERE `member_pass` = 'c4ca4238a0b923820dcc509a6f75849b' AND `id` = 17 LIMIT 1   [ RunTime:0.0010s ]
INFO: [ app_end ] --START--
INFO: Run Behavior\ShowPageTraceBehavior [ RunTime:0.001000s ]
INFO: [ app_end ] --END-- [ RunTime:0.001000s ]

[ 2015-10-11T19:20:47+08:00 ] ::1 /mtime/index.php/Profile/findpass?pass=1
INFO: [ app_begin ] --START--
INFO: Run Behavior\ReadHtmlCacheBehavior [ RunTime:0.000000s ]
INFO: [ app_begin ] --END-- [ RunTime:0.002000s ]
SQL: SHOW COLUMNS FROM `m_member` [ RunTime:0.0050s ]
SQL: SELECT * FROM `m_member` WHERE `member_pass` = 'c4ca4238a0b923820dcc509a6f75849b' AND `id` = 17 LIMIT 1   [ RunTime:0.0010s ]
INFO: [ app_end ] --START--
INFO: Run Behavior\ShowPageTraceBehavior [ RunTime:0.001000s ]
INFO: [ app_end ] --END-- [ RunTime:0.001000s ]

[ 2015-10-11T19:20:48+08:00 ] ::1 /mtime/index.php/Profile/findpass?pass=1
INFO: [ app_begin ] --START--
INFO: Run Behavior\ReadHtmlCacheBehavior [ RunTime:0.002000s ]
INFO: [ app_begin ] --END-- [ RunTime:0.002000s ]
SQL: SHOW COLUMNS FROM `m_member` [ RunTime:0.0040s ]
SQL: SELECT * FROM `m_member` WHERE `member_pass` = 'c4ca4238a0b923820dcc509a6f75849b' AND `id` = 17 LIMIT 1   [ RunTime:0.0010s ]
INFO: [ app_end ] --START--
INFO: Run Behavior\ShowPageTraceBehavior [ RunTime:0.001000s ]
INFO: [ app_end ] --END-- [ RunTime:0.001000s ]

[ 2015-10-11T19:20:49+08:00 ] ::1 /mtime/index.php/Profile/findpass?pass=1
INFO: [ app_begin ] --START--
INFO: Run Behavior\ReadHtmlCacheBehavior [ RunTime:0.001000s ]
INFO: [ app_begin ] --END-- [ RunTime:0.001000s ]
SQL: SHOW COLUMNS FROM `m_member` [ RunTime:0.0050s ]
SQL: SELECT * FROM `m_member` WHERE `member_pass` = 'c4ca4238a0b923820dcc509a6f75849b' AND `id` = 17 LIMIT 1   [ RunTime:0.0000s ]
INFO: [ app_end ] --START--
INFO: Run Behavior\ShowPageTraceBehavior [ RunTime:0.001000s ]
INFO: [ app_end ] --END-- [ RunTime:0.002000s ]

[ 2015-10-11T19:20:49+08:00 ] ::1 /mtime/index.php/Profile/findpass?pass=1
INFO: [ app_begin ] --START--
INFO: Run Behavior\ReadHtmlCacheBehavior [ RunTime:0.001000s ]
INFO: [ app_begin ] --END-- [ RunTime:0.004000s ]
SQL: SHOW COLUMNS FROM `m_member` [ RunTime:0.0050s ]
SQL: SELECT * FROM `m_member` WHERE `member_pass` = 'c4ca4238a0b923820dcc509a6f75849b' AND `id` = 17 LIMIT 1   [ RunTime:0.0010s ]
INFO: [ app_end ] --START--
INFO: Run Behavior\ShowPageTraceBehavior [ RunTime:0.001000s ]
INFO: [ app_end ] --END-- [ RunTime:0.001000s ]

[ 2015-10-11T19:20:49+08:00 ] ::1 /mtime/index.php/Profile/findpass?pass=1
INFO: [ app_begin ] --START--
INFO: Run Behavior\ReadHtmlCacheBehavior [ RunTime:0.001000s ]
INFO: [ app_begin ] --END-- [ RunTime:0.002000s ]
SQL: SHOW COLUMNS FROM `m_member` [ RunTime:0.0050s ]
SQL: SELECT * FROM `m_member` WHERE `member_pass` = 'c4ca4238a0b923820dcc509a6f75849b' AND `id` = 17 LIMIT 1   [ RunTime:0.0000s ]
INFO: [ app_end ] --START--
INFO: Run Behavior\ShowPageTraceBehavior [ RunTime:0.000000s ]
INFO: [ app_end ] --END-- [ RunTime:0.002000s ]

[ 2015-10-11T19:20:49+08:00 ] ::1 /mtime/index.php/Profile/findpass?pass=1
INFO: [ app_begin ] --START--
INFO: Run Behavior\ReadHtmlCacheBehavior [ RunTime:0.000000s ]
INFO: [ app_begin ] --END-- [ RunTime:0.002000s ]
SQL: SHOW COLUMNS FROM `m_member` [ RunTime:0.0040s ]
SQL: SELECT * FROM `m_member` WHERE `member_pass` = 'c4ca4238a0b923820dcc509a6f75849b' AND `id` = 17 LIMIT 1   [ RunTime:0.0010s ]
INFO: [ app_end ] --START--
INFO: Run Behavior\ShowPageTraceBehavior [ RunTime:0.001000s ]
INFO: [ app_end ] --END-- [ RunTime:0.001000s ]

[ 2015-10-11T19:20:49+08:00 ] ::1 /mtime/index.php/Profile/findpass?pass=1
INFO: [ app_begin ] --START--
INFO: Run Behavior\ReadHtmlCacheBehavior [ RunTime:0.001000s ]
INFO: [ app_begin ] --END-- [ RunTime:0.002000s ]
SQL: SHOW COLUMNS FROM `m_member` [ RunTime:0.0040s ]
SQL: SELECT * FROM `m_member` WHERE `member_pass` = 'c4ca4238a0b923820dcc509a6f75849b' AND `id` = 17 LIMIT 1   [ RunTime:0.0000s ]
INFO: [ app_end ] --START--
INFO: Run Behavior\ShowPageTraceBehavior [ RunTime:0.001000s ]
INFO: [ app_end ] --END-- [ RunTime:0.001000s ]

[ 2015-10-11T19:20:50+08:00 ] ::1 /mtime/index.php/Profile/findpass?pass=1
INFO: [ app_begin ] --START--
INFO: Run Behavior\ReadHtmlCacheBehavior [ RunTime:0.003000s ]
INFO: [ app_begin ] --END-- [ RunTime:0.004000s ]
SQL: SHOW COLUMNS FROM `m_member` [ RunTime:0.0040s ]
SQL: SELECT * FROM `m_member` WHERE `member_pass` = 'c4ca4238a0b923820dcc509a6f75849b' AND `id` = 17 LIMIT 1   [ RunTime:0.0000s ]
INFO: [ app_end ] --START--
INFO: Run Behavior\ShowPageTraceBehavior [ RunTime:0.000000s ]
INFO: [ app_end ] --END-- [ RunTime:0.002000s ]

[ 2015-10-11T19:20:50+08:00 ] ::1 /mtime/index.php/Profile/findpass?pass=1
INFO: [ app_begin ] --START--
INFO: Run Behavior\ReadHtmlCacheBehavior [ RunTime:0.002000s ]
INFO: [ app_begin ] --END-- [ RunTime:0.003000s ]
SQL: SHOW COLUMNS FROM `m_member` [ RunTime:0.0040s ]
SQL: SELECT * FROM `m_member` WHERE `member_pass` = 'c4ca4238a0b923820dcc509a6f75849b' AND `id` = 17 LIMIT 1   [ RunTime:0.0010s ]
INFO: [ app_end ] --START--
INFO: Run Behavior\ShowPageTraceBehavior [ RunTime:0.001000s ]
INFO: [ app_end ] --END-- [ RunTime:0.002000s ]

[ 2015-10-11T19:20:50+08:00 ] ::1 /mtime/index.php/Profile/findpass?pass=1
INFO: [ app_begin ] --START--
INFO: Run Behavior\ReadHtmlCacheBehavior [ RunTime:0.001000s ]
INFO: [ app_begin ] --END-- [ RunTime:0.001000s ]
SQL: SHOW COLUMNS FROM `m_member` [ RunTime:0.0040s ]
SQL: SELECT * FROM `m_member` WHERE `member_pass` = 'c4ca4238a0b923820dcc509a6f75849b' AND `id` = 17 LIMIT 1   [ RunTime:0.0000s ]
INFO: [ app_end ] --START--
INFO: Run Behavior\ShowPageTraceBehavior [ RunTime:0.001000s ]
INFO: [ app_end ] --END-- [ RunTime:0.001000s ]

[ 2015-10-11T19:20:51+08:00 ] ::1 /mtime/index.php/Profile/findpass?pass=1
INFO: [ app_begin ] --START--
INFO: Run Behavior\ReadHtmlCacheBehavior [ RunTime:0.001000s ]
INFO: [ app_begin ] --END-- [ RunTime:0.002000s ]
SQL: SHOW COLUMNS FROM `m_member` [ RunTime:0.0040s ]
SQL: SELECT * FROM `m_member` WHERE `member_pass` = 'c4ca4238a0b923820dcc509a6f75849b' AND `id` = 17 LIMIT 1   [ RunTime:0.0000s ]
INFO: [ app_end ] --START--
INFO: Run Behavior\ShowPageTraceBehavior [ RunTime:0.001000s ]
INFO: [ app_end ] --END-- [ RunTime:0.001000s ]

[ 2015-10-11T19:20:54+08:00 ] ::1 /mtime/index.php/Profile/findpass?pass=123456
INFO: [ app_begin ] --START--
INFO: Run Behavior\ReadHtmlCacheBehavior [ RunTime:0.001000s ]
INFO: [ app_begin ] --END-- [ RunTime:0.002000s ]
SQL: SHOW COLUMNS FROM `m_member` [ RunTime:0.0050s ]
SQL: SELECT * FROM `m_member` WHERE `member_pass` = 'e10adc3949ba59abbe56e057f20f883e' AND `id` = 17 LIMIT 1   [ RunTime:0.0000s ]
INFO: [ app_end ] --START--
INFO: Run Behavior\ShowPageTraceBehavior [ RunTime:0.001000s ]
INFO: [ app_end ] --END-- [ RunTime:0.001000s ]

[ 2015-10-11T19:20:55+08:00 ] ::1 /mtime/index.php/Profile/findpass?pass=123456
INFO: [ app_begin ] --START--
INFO: Run Behavior\ReadHtmlCacheBehavior [ RunTime:0.001000s ]
INFO: [ app_begin ] --END-- [ RunTime:0.001000s ]
SQL: SHOW COLUMNS FROM `m_member` [ RunTime:0.0050s ]
SQL: SELECT * FROM `m_member` WHERE `member_pass` = 'e10adc3949ba59abbe56e057f20f883e' AND `id` = 17 LIMIT 1   [ RunTime:0.0000s ]
INFO: [ app_end ] --START--
INFO: Run Behavior\ShowPageTraceBehavior [ RunTime:0.000000s ]
INFO: [ app_end ] --END-- [ RunTime:0.002000s ]

[ 2015-10-11T19:20:55+08:00 ] ::1 /mtime/index.php/Home/Profile/updatepass
ERR: 非法操作:updatepass

[ 2015-10-11T19:21:02+08:00 ] ::1 /mtime/index.php/Profile/findpass?pass=123456
INFO: [ app_begin ] --START--
INFO: Run Behavior\ReadHtmlCacheBehavior [ RunTime:0.000000s ]
INFO: [ app_begin ] --END-- [ RunTime:0.002000s ]
SQL: SHOW COLUMNS FROM `m_member` [ RunTime:0.0040s ]
SQL: SELECT * FROM `m_member` WHERE `member_pass` = 'e10adc3949ba59abbe56e057f20f883e' AND `id` = 17 LIMIT 1   [ RunTime:0.0000s ]
INFO: [ app_end ] --START--
INFO: Run Behavior\ShowPageTraceBehavior [ RunTime:0.001000s ]
INFO: [ app_end ] --END-- [ RunTime:0.001000s ]

[ 2015-10-11T19:21:38+08:00 ] ::1 /mtime/index.php/Profile/findpass?pass=123456
INFO: [ app_begin ] --START--
INFO: Run Behavior\ReadHtmlCacheBehavior [ RunTime:0.001000s ]
INFO: [ app_begin ] --END-- [ RunTime:0.002000s ]
SQL: SHOW COLUMNS FROM `m_member` [ RunTime:0.0050s ]
SQL: SELECT * FROM `m_member` WHERE `member_pass` = 'e10adc3949ba59abbe56e057f20f883e' AND `id` = 17 LIMIT 1   [ RunTime:0.0000s ]
INFO: [ app_end ] --START--
INFO: Run Behavior\ShowPageTraceBehavior [ RunTime:0.001000s ]
INFO: [ app_end ] --END-- [ RunTime:0.002000s ]

[ 2015-10-11T19:21:52+08:00 ] ::1 /mtime/index.php/Profile/findpass?pass=123456
INFO: [ app_begin ] --START--
INFO: Run Behavior\ReadHtmlCacheBehavior [ RunTime:0.001000s ]
INFO: [ app_begin ] --END-- [ RunTime:0.002000s ]
SQL: SHOW COLUMNS FROM `m_member` [ RunTime:0.0050s ]
SQL: SELECT * FROM `m_member` WHERE `member_pass` = 'e10adc3949ba59abbe56e057f20f883e' AND `id` = 17 LIMIT 1   [ RunTime:0.0000s ]
INFO: [ app_end ] --START--
INFO: Run Behavior\ShowPageTraceBehavior [ RunTime:0.001000s ]
INFO: [ app_end ] --END-- [ RunTime:0.001000s ]

[ 2015-10-11T19:25:53+08:00 ] ::1 /mtime/index.php/Profile/findpass?pass=123456
INFO: [ app_begin ] --START--
INFO: Run Behavior\ReadHtmlCacheBehavior [ RunTime:0.003000s ]
INFO: [ app_begin ] --END-- [ RunTime:0.005000s ]
SQL: SHOW COLUMNS FROM `m_member` [ RunTime:0.0050s ]
SQL: SELECT * FROM `m_member` WHERE `member_pass` = 'e10adc3949ba59abbe56e057f20f883e' AND `id` = 17 LIMIT 1   [ RunTime:0.0010s ]
INFO: [ app_end ] --START--
INFO: Run Behavior\ShowPageTraceBehavior [ RunTime:0.001001s ]
INFO: [ app_end ] --END-- [ RunTime:0.001001s ]

[ 2015-10-11T19:25:56+08:00 ] ::1 /mtime/index.php/Profile/findpass?pass=123456
INFO: [ app_begin ] --START--
INFO: Run Behavior\ReadHtmlCacheBehavior [ RunTime:0.001000s ]
INFO: [ app_begin ] --END-- [ RunTime:0.001000s ]
SQL: SHOW COLUMNS FROM `m_member` [ RunTime:0.0050s ]
SQL: SELECT * FROM `m_member` WHERE `member_pass` = 'e10adc3949ba59abbe56e057f20f883e' AND `id` = 17 LIMIT 1   [ RunTime:0.0000s ]
INFO: [ app_end ] --START--
INFO: Run Behavior\ShowPageTraceBehavior [ RunTime:0.001000s ]
INFO: [ app_end ] --END-- [ RunTime:0.001000s ]

[ 2015-10-11T21:02:35+08:00 ] ::1 /mtime/index.php/Home/Profile/basic
ERR: SQLSTATE[42000]: Syntax error or access violation: 1064 You have an error in your SQL syntax; check the manual that corresponds to your MySQL server version for the right syntax to use near ') LIMIT 1' at line 1

