[ 2015-10-17T15:39:54+08:00 ] ::1 /mtime/index.php/Comment/Movie
ERR: 非法操作:Movie

[ 2015-10-17T15:44:10+08:00 ] ::1 /mtime/index.php/Comment/Movie
ERR: 非法操作:Movie

[ 2015-10-17T15:44:23+08:00 ] ::1 /mtime/index.php/Movie/movieindex
ERR: SQLSTATE[42000]: Syntax error or access violation: 1064 You have an error in your SQL syntax; check the manual that corresponds to your MySQL server version for the right syntax to use near ') LIMIT 1' at line 1

[ 2015-10-17T15:45:15+08:00 ] ::1 /mtime/index.php/Movie/movieindex
ERR: SQLSTATE[42000]: Syntax error or access violation: 1064 You have an error in your SQL syntax; check the manual that corresponds to your MySQL server version for the right syntax to use near ') LIMIT 1' at line 1

[ 2015-10-17T15:45:25+08:00 ] ::1 /mtime/index.php/Movie/movieindex
ERR: SQLSTATE[42000]: Syntax error or access violation: 1064 You have an error in your SQL syntax; check the manual that corresponds to your MySQL server version for the right syntax to use near ') LIMIT 1' at line 1

[ 2015-10-17T15:46:34+08:00 ] ::1 /mtime/index.php/Movie/movieindex
ERR: SQLSTATE[42000]: Syntax error or access violation: 1064 You have an error in your SQL syntax; check the manual that corresponds to your MySQL server version for the right syntax to use near ') LIMIT 1' at line 1

[ 2015-10-17T15:46:46+08:00 ] ::1 /mtime/index.php/Movie/movieindex
ERR: SQLSTATE[42000]: Syntax error or access violation: 1064 You have an error in your SQL syntax; check the manual that corresponds to your MySQL server version for the right syntax to use near ') LIMIT 1' at line 1

[ 2015-10-17T15:47:40+08:00 ] ::1 /mtime/index.php/Movie/movieindex
ERR: SQLSTATE[42000]: Syntax error or access violation: 1064 You have an error in your SQL syntax; check the manual that corresponds to your MySQL server version for the right syntax to use near ') LIMIT 1' at line 1

[ 2015-10-17T15:47:46+08:00 ] ::1 /mtime/index.php/Movie/movieindex
ERR: SQLSTATE[42000]: Syntax error or access violation: 1064 You have an error in your SQL syntax; check the manual that corresponds to your MySQL server version for the right syntax to use near ') LIMIT 1' at line 1

[ 2015-10-17T15:48:04+08:00 ] ::1 /mtime/index.php/Movie/movieindex
ERR: SQLSTATE[42000]: Syntax error or access violation: 1064 You have an error in your SQL syntax; check the manual that corresponds to your MySQL server version for the right syntax to use near ') LIMIT 1' at line 1

[ 2015-10-17T16:10:20+08:00 ] ::1 /mtime/index.php/Home/movie/id/8
ERR: 非法操作:id

[ 2015-10-17T16:10:39+08:00 ] ::1 /mtime/index.php/Home/movie/id/8
ERR: 非法操作:id

[ 2015-10-17T16:10:39+08:00 ] ::1 /mtime/index.php/Home/movie/id/8
ERR: 非法操作:id

[ 2015-10-17T16:10:40+08:00 ] ::1 /mtime/index.php/Home/movie/id/8
ERR: 非法操作:id

[ 2015-10-17T16:11:19+08:00 ] ::1 /mtime/index.php/Home/movie/id/8
ERR: 非法操作:id

[ 2015-10-17T16:11:23+08:00 ] ::1 /mtime/index.php/Home/movie/id/8
ERR: 非法操作:id

[ 2015-10-17T16:33:00+08:00 ] ::1 /mtime/Public/Home/css/bigimg.css
ERR: 无法加载控制器:Public

[ 2015-10-17T16:33:00+08:00 ] ::1 /mtime/Public/Home/js/picjs/bigimg.js
ERR: 无法加载控制器:Public

