[ 2015-10-05T00:52:12+08:00 ] ::1 /mtime/movie/addabstractlist.html
ERR: 非法操作:addabstractlist

[ 2015-10-05T00:58:30+08:00 ] ::1 /mtime/Moviedetial/movieabstract
ERR: SQLSTATE[42000]: Syntax error or access violation: 1064 You have an error in your SQL syntax; check the manual that corresponds to your MySQL server version for the right syntax to use near ') LIMIT 1' at line 1

[ 2015-10-05T13:59:05+08:00 ] ::1 /mtime/Movie/movieindex
ERR: SQLSTATE[42000]: Syntax error or access violation: 1064 You have an error in your SQL syntax; check the manual that corresponds to your MySQL server version for the right syntax to use near ') LIMIT 1' at line 1

[ 2015-10-05T18:29:05+08:00 ] ::1 /mtime/index.php/Home/Moviedetial/movieposter/id/__PUBLC__/Home/js/jquery-1.8.3.min.js
ERR: SQLSTATE[42S22]: Column not found: 1054 Unknown column '__PUBLC__' in 'where clause'

[ 2015-10-05T18:29:05+08:00 ] ::1 /mtime/index.php/Home/Moviedetial/movieposter/id/__PUBLC__/Home/js/header.js
ERR: SQLSTATE[42S22]: Column not found: 1054 Unknown column '__PUBLC__' in 'where clause'

[ 2015-10-05T18:29:05+08:00 ] ::1 /mtime/index.php/Home/Moviedetial/movieposter/id/__PUBLC__/Home/js/jquery-1.8.3.min.js
ERR: SQLSTATE[42S22]: Column not found: 1054 Unknown column '__PUBLC__' in 'where clause'

[ 2015-10-05T18:29:05+08:00 ] ::1 /mtime/index.php/Home/Moviedetial/movieposter/id/__PUBLC__/Home/js/header.js
ERR: SQLSTATE[42S22]: Column not found: 1054 Unknown column '__PUBLC__' in 'where clause'

[ 2015-10-05T18:29:07+08:00 ] ::1 /mtime/index.php/Home/Moviedetial/movieposter/id/__PUBLC__/Home/js/header.js
ERR: SQLSTATE[42S22]: Column not found: 1054 Unknown column '__PUBLC__' in 'where clause'

[ 2015-10-05T18:29:08+08:00 ] ::1 /mtime/index.php/Home/Moviedetial/movieposter/id/__PUBLC__/Home/js/jquery-1.8.3.min.js
ERR: SQLSTATE[42S22]: Column not found: 1054 Unknown column '__PUBLC__' in 'where clause'

[ 2015-10-05T18:30:35+08:00 ] ::1 /mtime/index.php/Home/Moviedetial/movieposter/id/__PUBLC__/Home/js/jquery-1.9.1.min.js
ERR: SQLSTATE[42S22]: Column not found: 1054 Unknown column '__PUBLC__' in 'where clause'

[ 2015-10-05T18:30:36+08:00 ] ::1 /mtime/index.php/Home/Moviedetial/movieposter/id/__PUBLC__/Home/js/jquery-1.9.1.min.js
ERR: SQLSTATE[42S22]: Column not found: 1054 Unknown column '__PUBLC__' in 'where clause'

[ 2015-10-05T18:30:37+08:00 ] ::1 /mtime/index.php/Home/Moviedetial/movieposter/id/__PUBLC__/Home/js/jquery-1.9.1.min.js
ERR: SQLSTATE[42S22]: Column not found: 1054 Unknown column '__PUBLC__' in 'where clause'

[ 2015-10-05T18:30:38+08:00 ] ::1 /mtime/index.php/Home/Moviedetial/movieposter/id/__PUBLC__/Home/js/jquery-1.9.1.min.js
ERR: SQLSTATE[42S22]: Column not found: 1054 Unknown column '__PUBLC__' in 'where clause'

[ 2015-10-05T18:30:41+08:00 ] ::1 /mtime/index.php/Home/Moviedetial/movieposter/id/__PUBLC__/Home/js/jquery-1.9.1.min.js
ERR: SQLSTATE[42S22]: Column not found: 1054 Unknown column '__PUBLC__' in 'where clause'

[ 2015-10-05T18:30:42+08:00 ] ::1 /mtime/index.php/Home/Moviedetial/movieposter/id/__PUBLC__/Home/js/jquery-1.9.1.min.js
ERR: SQLSTATE[42S22]: Column not found: 1054 Unknown column '__PUBLC__' in 'where clause'

[ 2015-10-05T18:30:42+08:00 ] ::1 /mtime/index.php/Home/Moviedetial/movieposter/id/__PUBLC__/Home/js/jquery-1.9.1.min.js
ERR: SQLSTATE[42S22]: Column not found: 1054 Unknown column '__PUBLC__' in 'where clause'

[ 2015-10-05T18:30:42+08:00 ] ::1 /mtime/index.php/Home/Moviedetial/movieposter/id/__PUBLC__/Home/js/jquery-1.9.1.min.js
ERR: SQLSTATE[42S22]: Column not found: 1054 Unknown column '__PUBLC__' in 'where clause'

[ 2015-10-05T18:48:39+08:00 ] ::1 /mtime/Public/Home/js/zsy.min.js
ERR: 无法加载控制器:Public

[ 2015-10-05T18:48:40+08:00 ] ::1 /mtime/Public/Home/js/zsy.min.js
ERR: 无法加载控制器:Public

[ 2015-10-05T19:18:05+08:00 ] ::1 /mtime/Public/Home/css/pubu.css
ERR: 无法加载控制器:Public

[ 2015-10-05T19:18:05+08:00 ] ::1 /mtime/Public/Home/css/pubu.css
ERR: 无法加载控制器:Public

[ 2015-10-05T19:18:07+08:00 ] ::1 /mtime/Public/Home/css/pubu.css
ERR: 无法加载控制器:Public

[ 2015-10-05T19:30:56+08:00 ] ::1 /mtime/index.php/Home/Moviedetial/movieposter/id/undefined
ERR: SQLSTATE[42S22]: Column not found: 1054 Unknown column 'undefined' in 'where clause'

[ 2015-10-05T19:31:01+08:00 ] ::1 /mtime/index.php/Home/Moviedetial/movieposter/id/undefined
ERR: SQLSTATE[42S22]: Column not found: 1054 Unknown column 'undefined' in 'where clause'

[ 2015-10-05T19:31:13+08:00 ] ::1 /mtime/index.php/Home/Moviedetial/movieposter/id/undefined
ERR: SQLSTATE[42S22]: Column not found: 1054 Unknown column 'undefined' in 'where clause'

[ 2015-10-05T19:31:18+08:00 ] ::1 /mtime/index.php/Home/Moviedetial/movieposter/id/undefined
ERR: SQLSTATE[42S22]: Column not found: 1054 Unknown column 'undefined' in 'where clause'

[ 2015-10-05T19:32:32+08:00 ] ::1 /mtime/index.php/Home/Moviedetial/movieposter/id/undefined
ERR: SQLSTATE[42S22]: Column not found: 1054 Unknown column 'undefined' in 'where clause'

[ 2015-10-05T19:32:40+08:00 ] ::1 /mtime/index.php/Home/Moviedetial/movieposter/id/undefined
ERR: SQLSTATE[42S22]: Column not found: 1054 Unknown column 'undefined' in 'where clause'

[ 2015-10-05T19:32:41+08:00 ] ::1 /mtime/index.php/Home/Moviedetial/movieposter/id/undefined
ERR: SQLSTATE[42S22]: Column not found: 1054 Unknown column 'undefined' in 'where clause'

[ 2015-10-05T19:32:41+08:00 ] ::1 /mtime/index.php/Home/Moviedetial/movieposter/id/undefined
ERR: SQLSTATE[42S22]: Column not found: 1054 Unknown column 'undefined' in 'where clause'

[ 2015-10-05T19:32:47+08:00 ] ::1 /mtime/index.php/Home/Moviedetial/movieposter/id/undefined
ERR: SQLSTATE[42S22]: Column not found: 1054 Unknown column 'undefined' in 'where clause'

[ 2015-10-05T19:35:20+08:00 ] ::1 /mtime/index.php/Home/Moviedetial/movieposter/id/undefined
ERR: SQLSTATE[42S22]: Column not found: 1054 Unknown column 'undefined' in 'where clause'

[ 2015-10-05T19:35:34+08:00 ] ::1 /mtime/index.php/Home/Moviedetial/movieposter/id/undefined
ERR: SQLSTATE[42S22]: Column not found: 1054 Unknown column 'undefined' in 'where clause'

[ 2015-10-05T19:35:35+08:00 ] ::1 /mtime/index.php/Home/Moviedetial/movieposter/id/undefined
ERR: SQLSTATE[42S22]: Column not found: 1054 Unknown column 'undefined' in 'where clause'

[ 2015-10-05T19:35:35+08:00 ] ::1 /mtime/index.php/Home/Moviedetial/movieposter/id/undefined
ERR: SQLSTATE[42S22]: Column not found: 1054 Unknown column 'undefined' in 'where clause'

[ 2015-10-05T19:35:48+08:00 ] ::1 /mtime/index.php/Home/Moviedetial/movieposter/id/undefined
ERR: SQLSTATE[42S22]: Column not found: 1054 Unknown column 'undefined' in 'where clause'

[ 2015-10-05T19:35:49+08:00 ] ::1 /mtime/index.php/Home/Moviedetial/movieposter/id/undefined
ERR: SQLSTATE[42S22]: Column not found: 1054 Unknown column 'undefined' in 'where clause'

[ 2015-10-05T19:35:50+08:00 ] ::1 /mtime/index.php/Home/Moviedetial/movieposter/id/undefined
ERR: SQLSTATE[42S22]: Column not found: 1054 Unknown column 'undefined' in 'where clause'

[ 2015-10-05T19:35:51+08:00 ] ::1 /mtime/index.php/Home/Moviedetial/movieposter/id/undefined
ERR: SQLSTATE[42S22]: Column not found: 1054 Unknown column 'undefined' in 'where clause'

[ 2015-10-05T19:35:52+08:00 ] ::1 /mtime/index.php/Home/Moviedetial/movieposter/id/undefined
ERR: SQLSTATE[42S22]: Column not found: 1054 Unknown column 'undefined' in 'where clause'

[ 2015-10-05T19:35:53+08:00 ] ::1 /mtime/index.php/Home/Moviedetial/movieposter/id/undefined
ERR: SQLSTATE[42S22]: Column not found: 1054 Unknown column 'undefined' in 'where clause'

[ 2015-10-05T19:37:04+08:00 ] ::1 /mtime/index.php/Home/Moviedetial/movieposter/id/undefined
ERR: SQLSTATE[42S22]: Column not found: 1054 Unknown column 'undefined' in 'where clause'

[ 2015-10-05T19:37:38+08:00 ] ::1 /mtime/index.php/Home/Moviedetial/movieposter/id/undefined
ERR: SQLSTATE[42S22]: Column not found: 1054 Unknown column 'undefined' in 'where clause'

[ 2015-10-05T19:37:41+08:00 ] ::1 /mtime/index.php/Home/Moviedetial/movieposter/id/undefined
ERR: SQLSTATE[42S22]: Column not found: 1054 Unknown column 'undefined' in 'where clause'

[ 2015-10-05T19:42:10+08:00 ] ::1 /mtime/Public/Home/css/bigimg.css
ERR: 无法加载控制器:Public

[ 2015-10-05T19:42:10+08:00 ] ::1 /mtime/Public/Home/js/picjs/bigimg.js
ERR: 无法加载控制器:Public

[ 2015-10-05T19:44:25+08:00 ] ::1 /mtime/Public/Home/css/bigimg.css
ERR: 无法加载控制器:Public

[ 2015-10-05T19:44:25+08:00 ] ::1 /mtime/Public/Home/js/picjs/bigimg.js
ERR: 无法加载控制器:Public

[ 2015-10-05T19:44:53+08:00 ] ::1 /mtime/Public/Home/js/picjs/bigimg.js
ERR: 无法加载控制器:Public

[ 2015-10-05T19:44:53+08:00 ] ::1 /mtime/Public/Home/css/bigimg.css
ERR: 无法加载控制器:Public

[ 2015-10-05T19:45:19+08:00 ] ::1 /mtime/Public/Home/js/picjs/bigimg.js
ERR: 无法加载控制器:Public

[ 2015-10-05T19:45:19+08:00 ] ::1 /mtime/Public/Home/css/bigimg.css
ERR: 无法加载控制器:Public

[ 2015-10-05T19:45:20+08:00 ] ::1 /mtime/Public/Home/js/picjs/bigimg.js
ERR: 无法加载控制器:Public

[ 2015-10-05T19:45:20+08:00 ] ::1 /mtime/Public/Home/css/bigimg.css
ERR: 无法加载控制器:Public

[ 2015-10-05T19:47:13+08:00 ] ::1 /mtime/Public/Home/css/bigimg.css
ERR: 无法加载控制器:Public

[ 2015-10-05T19:47:13+08:00 ] ::1 /mtime/Public/Home/js/picjs/bigimg.js
ERR: 无法加载控制器:Public

[ 2015-10-05T19:47:26+08:00 ] ::1 /mtime/Public/Home/css/bigimg.css
ERR: 无法加载控制器:Public

[ 2015-10-05T19:47:26+08:00 ] ::1 /mtime/Public/Home/js/picjs/bigimg.js
ERR: 无法加载控制器:Public

[ 2015-10-05T19:47:57+08:00 ] ::1 /mtime/Public/Home/js/picjs/bigimg.js
ERR: 无法加载控制器:Public

[ 2015-10-05T19:47:57+08:00 ] ::1 /mtime/Public/Home/css/bigimg.css
ERR: 无法加载控制器:Public

[ 2015-10-05T19:48:02+08:00 ] ::1 /mtime/Public/Home/js/picjs/bigimg.js
ERR: 无法加载控制器:Public

[ 2015-10-05T19:48:02+08:00 ] ::1 /mtime/Public/Home/css/bigimg.css
ERR: 无法加载控制器:Public

[ 2015-10-05T20:03:26+08:00 ] ::1 /mtime/index.php/User/select?emailname=359431465%40qq.com
INFO: [ app_begin ] --START--
INFO: Run Behavior\ReadHtmlCacheBehavior [ RunTime:0.001000s ]
INFO: [ app_begin ] --END-- [ RunTime:0.001000s ]
SQL: SHOW COLUMNS FROM `m_member` [ RunTime:0.0060s ]
SQL: SELECT * FROM `m_member` WHERE `member_name` = '359431465@qq.com' LIMIT 1   [ RunTime:0.0000s ]
INFO: [ app_end ] --START--
INFO: Run Behavior\ShowPageTraceBehavior [ RunTime:0.001000s ]
INFO: [ app_end ] --END-- [ RunTime:0.001000s ]

[ 2015-10-05T20:03:38+08:00 ] ::1 /mtime/index.php/User/select?emailname=359431465%40qq.com
INFO: [ app_begin ] --START--
INFO: Run Behavior\ReadHtmlCacheBehavior [ RunTime:0.001000s ]
INFO: [ app_begin ] --END-- [ RunTime:0.001000s ]
SQL: SHOW COLUMNS FROM `m_member` [ RunTime:0.0040s ]
SQL: SELECT * FROM `m_member` WHERE `member_name` = '359431465@qq.com' LIMIT 1   [ RunTime:0.0010s ]
INFO: [ app_end ] --START--
INFO: Run Behavior\ShowPageTraceBehavior [ RunTime:0.001000s ]
INFO: [ app_end ] --END-- [ RunTime:0.001000s ]

[ 2015-10-05T20:14:46+08:00 ] ::1 /mtime/index.php/User/select?emailname=359431465%40qq.com
INFO: [ app_begin ] --START--
INFO: Run Behavior\ReadHtmlCacheBehavior [ RunTime:0.000000s ]
INFO: [ app_begin ] --END-- [ RunTime:0.001000s ]
SQL: SHOW COLUMNS FROM `m_member` [ RunTime:0.0050s ]
SQL: SELECT * FROM `m_member` WHERE `member_name` = '359431465@qq.com' LIMIT 1   [ RunTime:0.0010s ]
INFO: [ app_end ] --START--
INFO: Run Behavior\ShowPageTraceBehavior [ RunTime:0.001000s ]
INFO: [ app_end ] --END-- [ RunTime:0.001000s ]

