[ 2015-10-25T00:00:42+08:00 ] ::1 /mtime/index.php/Home/Moviedetial/movielongcomment/id/9
ERR: SQLSTATE[42000]: Syntax error or access violation: 1064 You have an error in your SQL syntax; check the manual that corresponds to your MySQL server version for the right syntax to use near ') LIMIT 1' at line 1

[ 2015-10-25T00:05:50+08:00 ] ::1 /mtime/index.php/Home/Moviedetial/movielongcomment/id/9
ERR: SQLSTATE[42000]: Syntax error or access violation: 1064 You have an error in your SQL syntax; check the manual that corresponds to your MySQL server version for the right syntax to use near ') LIMIT 1' at line 1

[ 2015-10-25T01:06:24+08:00 ] ::1 /mtime/index.php/Home/Comment/recomment?recomment_text=aaaa&recomment_cid=37
INFO: [ app_begin ] --START--
INFO: Run Behavior\ReadHtmlCacheBehavior [ RunTime:0.000000s ]
INFO: [ app_begin ] --END-- [ RunTime:0.002501s ]
SQL: SHOW COLUMNS FROM `m_recomment` [ RunTime:0.0125s ]
SQL: INSERT INTO `m_recomment` (`recomment_cid`,`recomment_text`,`recomment_status`,`recomment_time`,`recomment_uid`) VALUES ('37','aaaa','1','1445706384','17') [ RunTime:0.0325s ]
INFO: [ app_end ] --START--
INFO: Run Behavior\ShowPageTraceBehavior [ RunTime:0.000000s ]
INFO: [ app_end ] --END-- [ RunTime:0.000000s ]

[ 2015-10-25T01:32:37+08:00 ] ::1 /mtime/index.php/Home/Movie/movieindex/id/9
ERR: SQLSTATE[42000]: Syntax error or access violation: 1064 You have an error in your SQL syntax; check the manual that corresponds to your MySQL server version for the right syntax to use near 'and recomment_status = 1 ) LIMIT 1' at line 1

[ 2015-10-25T17:00:07+08:00 ] ::1 /mtime/index.php/Home/Comment/recomment?recomment_text=11111111111&recomment_cid=
INFO: [ app_begin ] --START--
INFO: Run Behavior\ReadHtmlCacheBehavior [ RunTime:0.001000s ]
INFO: [ app_begin ] --END-- [ RunTime:0.001000s ]
SQL: SHOW COLUMNS FROM `m_recomment` [ RunTime:0.0050s ]
SQL: INSERT INTO `m_recomment` (`recomment_cid`,`recomment_text`,`recomment_status`,`recomment_time`,`recomment_uid`) VALUES ('0','11111111111','1','1445763607','17') [ RunTime:0.1060s ]
INFO: [ app_end ] --START--
INFO: Run Behavior\ShowPageTraceBehavior [ RunTime:0.001000s ]
INFO: [ app_end ] --END-- [ RunTime:0.001000s ]

[ 2015-10-25T17:00:34+08:00 ] ::1 /mtime/index.php/Home/Comment/recomment?recomment_text=1111&recomment_cid=37
INFO: [ app_begin ] --START--
INFO: Run Behavior\ReadHtmlCacheBehavior [ RunTime:0.000000s ]
INFO: [ app_begin ] --END-- [ RunTime:0.001000s ]
SQL: SHOW COLUMNS FROM `m_recomment` [ RunTime:0.0040s ]
SQL: INSERT INTO `m_recomment` (`recomment_cid`,`recomment_text`,`recomment_status`,`recomment_time`,`recomment_uid`) VALUES ('37','1111','1','1445763634','17') [ RunTime:0.0000s ]
INFO: [ app_end ] --START--
INFO: Run Behavior\ShowPageTraceBehavior [ RunTime:0.001000s ]
INFO: [ app_end ] --END-- [ RunTime:0.001000s ]

[ 2015-10-25T17:01:59+08:00 ] ::1 /mtime/index.php/Home/Comment/recomment?recomment_text=&recomment_cid=
INFO: [ app_begin ] --START--
INFO: Run Behavior\ReadHtmlCacheBehavior [ RunTime:0.001000s ]
INFO: [ app_begin ] --END-- [ RunTime:0.002000s ]
SQL: SHOW COLUMNS FROM `m_recomment` [ RunTime:0.0050s ]
SQL: INSERT INTO `m_recomment` (`recomment_cid`,`recomment_text`,`recomment_status`,`recomment_time`,`recomment_uid`) VALUES ('0','','1','1445763719','17') [ RunTime:0.0000s ]
INFO: [ app_end ] --START--
INFO: Run Behavior\ShowPageTraceBehavior [ RunTime:0.000000s ]
INFO: [ app_end ] --END-- [ RunTime:0.000000s ]

[ 2015-10-25T17:02:14+08:00 ] ::1 /mtime/index.php/Home/Comment/recomment?recomment_text=aaaa&recomment_cid=
INFO: [ app_begin ] --START--
INFO: Run Behavior\ReadHtmlCacheBehavior [ RunTime:0.001001s ]
INFO: [ app_begin ] --END-- [ RunTime:0.001001s ]
SQL: SHOW COLUMNS FROM `m_recomment` [ RunTime:0.0040s ]
SQL: INSERT INTO `m_recomment` (`recomment_cid`,`recomment_text`,`recomment_status`,`recomment_time`,`recomment_uid`) VALUES ('0','aaaa','1','1445763734','17') [ RunTime:0.0000s ]
INFO: [ app_end ] --START--
INFO: Run Behavior\ShowPageTraceBehavior [ RunTime:0.001000s ]
INFO: [ app_end ] --END-- [ RunTime:0.001000s ]

[ 2015-10-25T17:05:39+08:00 ] ::1 /mtime/index.php/Home/Comment/recomment?recomment_text=&recomment_cid=
INFO: [ app_begin ] --START--
INFO: Run Behavior\ReadHtmlCacheBehavior [ RunTime:0.001000s ]
INFO: [ app_begin ] --END-- [ RunTime:0.002000s ]
SQL: SHOW COLUMNS FROM `m_recomment` [ RunTime:0.0040s ]
SQL: INSERT INTO `m_recomment` (`recomment_cid`,`recomment_text`,`recomment_status`,`recomment_time`,`recomment_uid`) VALUES ('0','','1','1445763939','17') [ RunTime:0.0000s ]
INFO: [ app_end ] --START--
INFO: Run Behavior\ShowPageTraceBehavior [ RunTime:0.000000s ]
INFO: [ app_end ] --END-- [ RunTime:0.001000s ]

[ 2015-10-25T17:06:59+08:00 ] ::1 /mtime/index.php/Home/Comment/recomment?recomment_text=aa&recomment_cid=
INFO: [ app_begin ] --START--
INFO: Run Behavior\ReadHtmlCacheBehavior [ RunTime:0.000000s ]
INFO: [ app_begin ] --END-- [ RunTime:0.000000s ]
SQL: SHOW COLUMNS FROM `m_recomment` [ RunTime:0.0000s ]
SQL: INSERT INTO `m_recomment` (`recomment_cid`,`recomment_text`,`recomment_status`,`recomment_time`,`recomment_uid`) VALUES ('0','aa','1','1445764019','17') [ RunTime:0.0000s ]
INFO: [ app_end ] --START--
INFO: Run Behavior\ShowPageTraceBehavior [ RunTime:0.000000s ]
INFO: [ app_end ] --END-- [ RunTime:0.000000s ]

[ 2015-10-25T17:07:14+08:00 ] ::1 /mtime/index.php/Home/Comment/recomment?recomment_text=aaaaaaa&recomment_cid=
INFO: [ app_begin ] --START--
INFO: Run Behavior\ReadHtmlCacheBehavior [ RunTime:0.000000s ]
INFO: [ app_begin ] --END-- [ RunTime:0.000000s ]
SQL: SHOW COLUMNS FROM `m_recomment` [ RunTime:0.0000s ]
SQL: INSERT INTO `m_recomment` (`recomment_cid`,`recomment_text`,`recomment_status`,`recomment_time`,`recomment_uid`) VALUES ('0','aaaaaaa','1','1445764034','17') [ RunTime:0.0000s ]
INFO: [ app_end ] --START--
INFO: Run Behavior\ShowPageTraceBehavior [ RunTime:0.000000s ]
INFO: [ app_end ] --END-- [ RunTime:0.000000s ]

[ 2015-10-25T17:11:04+08:00 ] ::1 /mtime/index.php/Home/Comment/recomment?recomment_text=aaa&recomment_cid=37
INFO: [ app_begin ] --START--
INFO: Run Behavior\ReadHtmlCacheBehavior [ RunTime:0.000000s ]
INFO: [ app_begin ] --END-- [ RunTime:0.000000s ]
SQL: SHOW COLUMNS FROM `m_recomment` [ RunTime:0.0000s ]
SQL: INSERT INTO `m_recomment` (`recomment_cid`,`recomment_text`,`recomment_status`,`recomment_time`,`recomment_uid`) VALUES ('37','aaa','1','1445764264','17') [ RunTime:0.0000s ]
INFO: [ app_end ] --START--
INFO: Run Behavior\ShowPageTraceBehavior [ RunTime:0.000000s ]
INFO: [ app_end ] --END-- [ RunTime:0.000000s ]

[ 2015-10-25T17:17:46+08:00 ] ::1 /mtime/Public/Home/js/picjs/bigimg.js
ERR: 无法加载控制器:Public

[ 2015-10-25T17:17:46+08:00 ] ::1 /mtime/Public/Home/css/bigimg.css
ERR: 无法加载控制器:Public

[ 2015-10-25T17:17:52+08:00 ] ::1 /mtime/Public/Home/js/picjs/bigimg.js
ERR: 无法加载控制器:Public

[ 2015-10-25T17:17:52+08:00 ] ::1 /mtime/Public/Home/css/bigimg.css
ERR: 无法加载控制器:Public

[ 2015-10-25T17:18:36+08:00 ] ::1 /mtime/index.php/Home/Movie/moviesortcomment/id/
ERR: 非法操作:moviesortcomment

[ 2015-10-25T17:18:56+08:00 ] ::1 /mtime/index.php/Home/Movie/moviesortcomment/id/
ERR: 非法操作:moviesortcomment

[ 2015-10-25T17:19:10+08:00 ] ::1 /mtime/index.php/Home/Moviedetail/moviesortcomment/id/
ERR: 无法加载控制器:Moviedetail

[ 2015-10-25T17:19:27+08:00 ] ::1 /mtime/index.php/Home/Moviedetial/moviesortcomment/id/
ERR: SQLSTATE[42000]: Syntax error or access violation: 1064 You have an error in your SQL syntax; check the manual that corresponds to your MySQL server version for the right syntax to use near ') LIMIT 1' at line 1

[ 2015-10-25T17:19:48+08:00 ] ::1 /mtime/index.php/Home/Moviedetial/moviesortcomment/id/
ERR: SQLSTATE[42000]: Syntax error or access violation: 1064 You have an error in your SQL syntax; check the manual that corresponds to your MySQL server version for the right syntax to use near ') LIMIT 1' at line 1

[ 2015-10-25T17:23:51+08:00 ] ::1 /mtime/index.php/Home/Moviedetial/moviesortcomment/id/
ERR: SQLSTATE[42000]: Syntax error or access violation: 1064 You have an error in your SQL syntax; check the manual that corresponds to your MySQL server version for the right syntax to use near ') LIMIT 1' at line 1

[ 2015-10-25T17:32:56+08:00 ] ::1 /mtime/Public/Home/js/picjs/bigimg.js
ERR: 无法加载控制器:Public

[ 2015-10-25T17:32:56+08:00 ] ::1 /mtime/Public/Home/css/bigimg.css
ERR: 无法加载控制器:Public

[ 2015-10-25T17:33:24+08:00 ] ::1 /mtime/Public/Home/css/bigimg.css
ERR: 无法加载控制器:Public

[ 2015-10-25T17:33:24+08:00 ] ::1 /mtime/Public/Home/js/picjs/bigimg.js
ERR: 无法加载控制器:Public

