[ 2015-10-08T08:03:46+08:00 ] ::1 /mtime/index.php/Home/Movie/movieindex/id/7
ERR: SQLSTATE[42S22]: Column not found: 1054 Unknown column 'type_mid' in 'where clause'

[ 2015-10-08T08:12:23+08:00 ] ::1 /mtime/Public/Home/css/bigimg.css
ERR: 无法加载控制器:Public

[ 2015-10-08T08:12:23+08:00 ] ::1 /mtime/Public/Home/js/picjs/bigimg.js
ERR: 无法加载控制器:Public

[ 2015-10-08T09:24:06+08:00 ] ::1 /mtime/index.php/Home/Cinema/cinemamember/cid/1
ERR: SQLSTATE[42S22]: Column not found: 1054 Unknown column 'cinemadetail_member' in 'field list'

[ 2015-10-08T09:29:49+08:00 ] ::1 /mtime/index.php/Home/Cinema/cinemamember/cid/1
ERR: SQLSTATE[42000]: Syntax error or access violation: 1064 You have an error in your SQL syntax; check the manual that corresponds to your MySQL server version for the right syntax to use near ') LIMIT 1' at line 1

[ 2015-10-08T09:37:55+08:00 ] ::1 /mtime/index.php/Home/Cinema/cinemamember/cid/1
ERR: SQLSTATE[42000]: Syntax error or access violation: 1064 You have an error in your SQL syntax; check the manual that corresponds to your MySQL server version for the right syntax to use near ') LIMIT 1' at line 1

[ 2015-10-08T09:39:56+08:00 ] ::1 /mtime/index.php/Cinema/cinemaabstract
ERR: SQLSTATE[42000]: Syntax error or access violation: 1064 You have an error in your SQL syntax; check the manual that corresponds to your MySQL server version for the right syntax to use near ')' at line 1

[ 2015-10-08T09:41:43+08:00 ] ::1 /mtime/index.php/Cinema/cinemaabstract
ERR: SQLSTATE[42000]: Syntax error or access violation: 1064 You have an error in your SQL syntax; check the manual that corresponds to your MySQL server version for the right syntax to use near ')' at line 1

[ 2015-10-08T09:42:27+08:00 ] ::1 /mtime/index.php/Cinema/cinemaabstract/cid/%24crow%5Bcinema_id%5D
ERR: SQLSTATE[42000]: Syntax error or access violation: 1064 You have an error in your SQL syntax; check the manual that corresponds to your MySQL server version for the right syntax to use near '[cinema_id] )' at line 1

[ 2015-10-08T09:42:31+08:00 ] ::1 /mtime/index.php/Cinema/cinemaabstract
ERR: SQLSTATE[42000]: Syntax error or access violation: 1064 You have an error in your SQL syntax; check the manual that corresponds to your MySQL server version for the right syntax to use near ')' at line 1

[ 2015-10-08T09:42:32+08:00 ] ::1 /mtime/index.php/Cinema/cinemaabstract
ERR: SQLSTATE[42000]: Syntax error or access violation: 1064 You have an error in your SQL syntax; check the manual that corresponds to your MySQL server version for the right syntax to use near ')' at line 1

[ 2015-10-08T09:42:35+08:00 ] ::1 /mtime/index.php/Cinema/cinemaabstract/cid/%24crow%5Bcinema_id%5D
ERR: SQLSTATE[42000]: Syntax error or access violation: 1064 You have an error in your SQL syntax; check the manual that corresponds to your MySQL server version for the right syntax to use near '[cinema_id] )' at line 1

[ 2015-10-08T09:42:44+08:00 ] ::1 /mtime/index.php/Cinema/cinemaabstract/cid/%24crow%5Bcinema_id%5D
ERR: SQLSTATE[42000]: Syntax error or access violation: 1064 You have an error in your SQL syntax; check the manual that corresponds to your MySQL server version for the right syntax to use near '[cinema_id] )' at line 1

[ 2015-10-08T09:43:28+08:00 ] ::1 /mtime/index.php/Cinema/cinemaabstract/cid/crow%5Bcinema_id%5D
ERR: SQLSTATE[42000]: Syntax error or access violation: 1064 You have an error in your SQL syntax; check the manual that corresponds to your MySQL server version for the right syntax to use near '[cinema_id] )' at line 1

[ 2015-10-08T09:44:12+08:00 ] ::1 /mtime/index.php/Cinema/cinemaabstract/cid/crow%5Bcinema_id%5D
ERR: SQLSTATE[42000]: Syntax error or access violation: 1064 You have an error in your SQL syntax; check the manual that corresponds to your MySQL server version for the right syntax to use near '[cinema_id] )' at line 1

[ 2015-10-08T09:44:25+08:00 ] ::1 /mtime/index.php/Home/Cinema/cinemaabstract/cid/
ERR: SQLSTATE[42000]: Syntax error or access violation: 1064 You have an error in your SQL syntax; check the manual that corresponds to your MySQL server version for the right syntax to use near ')' at line 1

[ 2015-10-08T09:44:39+08:00 ] ::1 /mtime/index.php/Home/Cinema/cinemaabstract/cid/
ERR: SQLSTATE[42000]: Syntax error or access violation: 1064 You have an error in your SQL syntax; check the manual that corresponds to your MySQL server version for the right syntax to use near ')' at line 1

[ 2015-10-08T14:47:56+08:00 ] ::1 /mtime/index.php/Home/Cinema/index
ERR: SQLSTATE[42000]: Syntax error or access violation: 1064 You have an error in your SQL syntax; check the manual that corresponds to your MySQL server version for the right syntax to use near ')' at line 1

