[ 2015-10-31T00:27:26+08:00 ] ::1 /mtime/index.php/Home/Movie/guessmovie?result=%E6%89%98%E6%96%AF%E5%8D%A1&guessid=2
INFO: [ app_begin ] --START--
INFO: Run Behavior\ReadHtmlCacheBehavior [ RunTime:0.002500s ]
INFO: [ app_begin ] --END-- [ RunTime:0.002500s ]
NOTIC: [8] Undefined variable: guess D:\wamp\www\mtime\Mtime\Home\Controller\MovieController.class.php 第 129 行.

[ 2015-10-31T00:27:34+08:00 ] ::1 /mtime/index.php/Home/Movie/guessmovie?result=%E5%9B%BE%E5%85%B0%E6%9C%B5&guessid=2
INFO: [ app_begin ] --START--
INFO: Run Behavior\ReadHtmlCacheBehavior [ RunTime:0.000000s ]
INFO: [ app_begin ] --END-- [ RunTime:0.002500s ]
NOTIC: [8] Undefined variable: guess D:\wamp\www\mtime\Mtime\Home\Controller\MovieController.class.php 第 129 行.

[ 2015-10-31T00:30:52+08:00 ] ::1 /mtime/index.php/Home/Movie/guessmovie?result=%E5%9B%BE%E5%85%B0%E6%9C%B5&guessid=2
INFO: [ app_begin ] --START--
INFO: Run Behavior\ReadHtmlCacheBehavior [ RunTime:0.002500s ]
INFO: [ app_begin ] --END-- [ RunTime:0.002500s ]
NOTIC: [8] Undefined variable: guess D:\wamp\www\mtime\Mtime\Home\Controller\MovieController.class.php 第 129 行.

[ 2015-10-31T00:30:57+08:00 ] ::1 /mtime/index.php/Home/Movie/guessmovie?result=%E5%9B%BE%E5%85%B0%E6%9C%B5&guessid=2
INFO: [ app_begin ] --START--
INFO: Run Behavior\ReadHtmlCacheBehavior [ RunTime:0.002500s ]
INFO: [ app_begin ] --END-- [ RunTime:0.002500s ]
NOTIC: [8] Undefined variable: guess D:\wamp\www\mtime\Mtime\Home\Controller\MovieController.class.php 第 129 行.

[ 2015-10-31T00:30:59+08:00 ] ::1 /mtime/index.php/Home/Movie/guessmovie?result=%E8%9D%B4%E8%9D%B6%E5%A4%AB%E4%BA%BA&guessid=2
INFO: [ app_begin ] --START--
INFO: Run Behavior\ReadHtmlCacheBehavior [ RunTime:0.002500s ]
INFO: [ app_begin ] --END-- [ RunTime:0.002500s ]
NOTIC: [8] Undefined variable: guess D:\wamp\www\mtime\Mtime\Home\Controller\MovieController.class.php 第 129 行.

[ 2015-10-31T00:31:40+08:00 ] ::1 /mtime/index.php/Home/Movie/guessmovie?result=%E5%9B%BE%E5%85%B0%E6%9C%B5&guessid=2
INFO: [ app_begin ] --START--
INFO: Run Behavior\ReadHtmlCacheBehavior [ RunTime:0.002500s ]
INFO: [ app_begin ] --END-- [ RunTime:0.002500s ]
NOTIC: [8] Undefined variable: guessmovie D:\wamp\www\mtime\Mtime\Home\Controller\MovieController.class.php 第 129 行.

[ 2015-10-31T00:31:57+08:00 ] ::1 /mtime/index.php/Home/Movie/guessmovie?result=%E5%9B%BE%E5%85%B0%E6%9C%B5&guessid=2
INFO: [ app_begin ] --START--
INFO: Run Behavior\ReadHtmlCacheBehavior [ RunTime:0.000000s ]
INFO: [ app_begin ] --END-- [ RunTime:0.002500s ]
SQL: SHOW COLUMNS FROM `m_guessmovie` [ RunTime:0.0075s ]
SQL: SELECT `guess_result` FROM `m_guessmovie` WHERE ( guess_id = 2 ) LIMIT 1   [ RunTime:0.0000s ]
INFO: [ app_end ] --START--
INFO: Run Behavior\ShowPageTraceBehavior [ RunTime:0.002500s ]
INFO: [ app_end ] --END-- [ RunTime:0.002500s ]

[ 2015-10-31T00:32:02+08:00 ] ::1 /mtime/index.php/Home/Movie/guessmovie?result=%E8%9D%B4%E8%9D%B6%E5%A4%AB%E4%BA%BA&guessid=2
INFO: [ app_begin ] --START--
INFO: Run Behavior\ReadHtmlCacheBehavior [ RunTime:0.000000s ]
INFO: [ app_begin ] --END-- [ RunTime:0.002500s ]
SQL: SHOW COLUMNS FROM `m_guessmovie` [ RunTime:0.0125s ]
SQL: SELECT `guess_result` FROM `m_guessmovie` WHERE ( guess_id = 2 ) LIMIT 1   [ RunTime:0.0000s ]
INFO: [ app_end ] --START--
INFO: Run Behavior\ShowPageTraceBehavior [ RunTime:0.000000s ]
INFO: [ app_end ] --END-- [ RunTime:0.002500s ]

[ 2015-10-31T00:33:13+08:00 ] ::1 /mtime/index.php/Home/Movie/guessmovie?result=%E5%9B%BE%E5%85%B0%E6%9C%B5&guessid=2
INFO: [ app_begin ] --START--
INFO: Run Behavior\ReadHtmlCacheBehavior [ RunTime:0.002500s ]
INFO: [ app_begin ] --END-- [ RunTime:0.002500s ]
SQL: SHOW COLUMNS FROM `m_guessmovie` [ RunTime:0.0075s ]
SQL: SELECT `guess_result` FROM `m_guessmovie` WHERE ( guess_id = 2 ) LIMIT 1   [ RunTime:0.0000s ]
INFO: [ app_end ] --START--
INFO: Run Behavior\ShowPageTraceBehavior [ RunTime:0.002500s ]
INFO: [ app_end ] --END-- [ RunTime:0.002500s ]

