[ 2015-10-20T00:11:44+08:00 ] ::1 /mtime/index.php/Home/Comment/updatedz?comment_zs=1
INFO: [ app_begin ] --START--
INFO: Run Behavior\ReadHtmlCacheBehavior [ RunTime:0.000000s ]
INFO: [ app_begin ] --END-- [ RunTime:0.000000s ]
ERR: 非法操作:updatedz

[ 2015-10-20T00:20:15+08:00 ] ::1 /mtime/index.php/Home/Comment/updatedz?comment_zs=2&comment_id=%7B%24row%5Bcomment_id%5D%7D
INFO: [ app_begin ] --START--
INFO: Run Behavior\ReadHtmlCacheBehavior [ RunTime:0.002500s ]
INFO: [ app_begin ] --END-- [ RunTime:0.002500s ]
ERR: 非法操作:updatedz

[ 2015-10-20T00:20:17+08:00 ] ::1 /mtime/index.php/Home/Comment/updatedz?comment_zs=2&comment_id=%7B%24row%5Bcomment_id%5D%7D
INFO: [ app_begin ] --START--
INFO: Run Behavior\ReadHtmlCacheBehavior [ RunTime:0.000000s ]
INFO: [ app_begin ] --END-- [ RunTime:0.002500s ]
ERR: 非法操作:updatedz

[ 2015-10-20T00:20:23+08:00 ] ::1 /mtime/index.php/Home/Comment/updatedz?comment_zs=2&comment_id=%7B%24row%5Bcomment_id%5D%7D
INFO: [ app_begin ] --START--
INFO: Run Behavior\ReadHtmlCacheBehavior [ RunTime:0.000000s ]
INFO: [ app_begin ] --END-- [ RunTime:0.000000s ]
ERR: 非法操作:updatedz

[ 2015-10-20T00:21:41+08:00 ] ::1 /mtime/index.php/Home/Comment/updatedz?comment_zs=2&comment_id=5
INFO: [ app_begin ] --START--
INFO: Run Behavior\ReadHtmlCacheBehavior [ RunTime:0.002500s ]
INFO: [ app_begin ] --END-- [ RunTime:0.002500s ]
ERR: 非法操作:updatedz

[ 2015-10-20T00:22:03+08:00 ] ::1 /mtime/index.php/Home/Comment/updatedz?comment_zs=2&comment_id=5
INFO: [ app_begin ] --START--
INFO: Run Behavior\ReadHtmlCacheBehavior [ RunTime:0.000000s ]
INFO: [ app_begin ] --END-- [ RunTime:0.000000s ]
SQL: SHOW COLUMNS FROM `m_longcomment` [ RunTime:0.0075s ]
SQL: UPDATE `m_longcomment` SET `comment_zs`='2' WHERE ( comment_id = 5 ) [ RunTime:0.0650s ]
INFO: [ app_end ] --START--
INFO: Run Behavior\ShowPageTraceBehavior [ RunTime:0.002500s ]
INFO: [ app_end ] --END-- [ RunTime:0.002500s ]

[ 2015-10-20T00:22:09+08:00 ] ::1 /mtime/index.php/Home/Comment/updatedz?comment_zs=2&comment_id=5
INFO: [ app_begin ] --START--
INFO: Run Behavior\ReadHtmlCacheBehavior [ RunTime:0.000000s ]
INFO: [ app_begin ] --END-- [ RunTime:0.000000s ]
SQL: SHOW COLUMNS FROM `m_longcomment` [ RunTime:0.0075s ]
SQL: UPDATE `m_longcomment` SET `comment_zs`='2' WHERE ( comment_id = 5 ) [ RunTime:0.0000s ]
INFO: [ app_end ] --START--
INFO: Run Behavior\ShowPageTraceBehavior [ RunTime:0.000000s ]
INFO: [ app_end ] --END-- [ RunTime:0.000000s ]

[ 2015-10-20T00:22:09+08:00 ] ::1 /mtime/index.php/Home/Comment/updatedz?comment_zs=2&comment_id=5
INFO: [ app_begin ] --START--
INFO: Run Behavior\ReadHtmlCacheBehavior [ RunTime:0.002500s ]
INFO: [ app_begin ] --END-- [ RunTime:0.002500s ]
SQL: SHOW COLUMNS FROM `m_longcomment` [ RunTime:0.0075s ]
SQL: UPDATE `m_longcomment` SET `comment_zs`='2' WHERE ( comment_id = 5 ) [ RunTime:0.0000s ]
INFO: [ app_end ] --START--
INFO: Run Behavior\ShowPageTraceBehavior [ RunTime:0.002500s ]
INFO: [ app_end ] --END-- [ RunTime:0.002500s ]

[ 2015-10-20T00:22:09+08:00 ] ::1 /mtime/index.php/Home/Comment/updatedz?comment_zs=2&comment_id=5
INFO: [ app_begin ] --START--
INFO: Run Behavior\ReadHtmlCacheBehavior [ RunTime:0.000000s ]
INFO: [ app_begin ] --END-- [ RunTime:0.000000s ]
SQL: SHOW COLUMNS FROM `m_longcomment` [ RunTime:0.0125s ]
SQL: UPDATE `m_longcomment` SET `comment_zs`='2' WHERE ( comment_id = 5 ) [ RunTime:0.0000s ]
INFO: [ app_end ] --START--
INFO: Run Behavior\ShowPageTraceBehavior [ RunTime:0.000000s ]
INFO: [ app_end ] --END-- [ RunTime:0.000000s ]

[ 2015-10-20T00:22:09+08:00 ] ::1 /mtime/index.php/Home/Comment/updatedz?comment_zs=2&comment_id=5
INFO: [ app_begin ] --START--
INFO: Run Behavior\ReadHtmlCacheBehavior [ RunTime:0.000000s ]
INFO: [ app_begin ] --END-- [ RunTime:0.000000s ]
SQL: SHOW COLUMNS FROM `m_longcomment` [ RunTime:0.0075s ]
SQL: UPDATE `m_longcomment` SET `comment_zs`='2' WHERE ( comment_id = 5 ) [ RunTime:0.0025s ]
INFO: [ app_end ] --START--
INFO: Run Behavior\ShowPageTraceBehavior [ RunTime:0.000000s ]
INFO: [ app_end ] --END-- [ RunTime:0.000000s ]

[ 2015-10-20T00:22:10+08:00 ] ::1 /mtime/index.php/Home/Comment/updatedz?comment_zs=2&comment_id=5
INFO: [ app_begin ] --START--
INFO: Run Behavior\ReadHtmlCacheBehavior [ RunTime:0.000000s ]
INFO: [ app_begin ] --END-- [ RunTime:0.000000s ]
SQL: SHOW COLUMNS FROM `m_longcomment` [ RunTime:0.0075s ]
SQL: UPDATE `m_longcomment` SET `comment_zs`='2' WHERE ( comment_id = 5 ) [ RunTime:0.0000s ]
INFO: [ app_end ] --START--
INFO: Run Behavior\ShowPageTraceBehavior [ RunTime:0.000000s ]
INFO: [ app_end ] --END-- [ RunTime:0.000000s ]

[ 2015-10-20T00:22:10+08:00 ] ::1 /mtime/index.php/Home/Comment/updatedz?comment_zs=2&comment_id=5
INFO: [ app_begin ] --START--
INFO: Run Behavior\ReadHtmlCacheBehavior [ RunTime:0.002501s ]
INFO: [ app_begin ] --END-- [ RunTime:0.002501s ]
SQL: SHOW COLUMNS FROM `m_longcomment` [ RunTime:0.0075s ]
SQL: UPDATE `m_longcomment` SET `comment_zs`='2' WHERE ( comment_id = 5 ) [ RunTime:0.0025s ]
INFO: [ app_end ] --START--
INFO: Run Behavior\ShowPageTraceBehavior [ RunTime:0.000000s ]
INFO: [ app_end ] --END-- [ RunTime:0.000000s ]

[ 2015-10-20T00:22:10+08:00 ] ::1 /mtime/index.php/Home/Comment/updatedz?comment_zs=2&comment_id=5
INFO: [ app_begin ] --START--
INFO: Run Behavior\ReadHtmlCacheBehavior [ RunTime:0.000000s ]
INFO: [ app_begin ] --END-- [ RunTime:0.002500s ]
SQL: SHOW COLUMNS FROM `m_longcomment` [ RunTime:0.0075s ]
SQL: UPDATE `m_longcomment` SET `comment_zs`='2' WHERE ( comment_id = 5 ) [ RunTime:0.0000s ]
INFO: [ app_end ] --START--
INFO: Run Behavior\ShowPageTraceBehavior [ RunTime:0.000000s ]
INFO: [ app_end ] --END-- [ RunTime:0.002500s ]

[ 2015-10-20T00:22:10+08:00 ] ::1 /mtime/index.php/Home/Comment/updatedz?comment_zs=2&comment_id=5
INFO: [ app_begin ] --START--
INFO: Run Behavior\ReadHtmlCacheBehavior [ RunTime:0.000000s ]
INFO: [ app_begin ] --END-- [ RunTime:0.002500s ]
SQL: SHOW COLUMNS FROM `m_longcomment` [ RunTime:0.0075s ]
SQL: UPDATE `m_longcomment` SET `comment_zs`='2' WHERE ( comment_id = 5 ) [ RunTime:0.0000s ]
INFO: [ app_end ] --START--
INFO: Run Behavior\ShowPageTraceBehavior [ RunTime:0.002500s ]
INFO: [ app_end ] --END-- [ RunTime:0.002500s ]

[ 2015-10-20T00:22:35+08:00 ] ::1 /mtime/index.php/Home/Comment/updatedz?comment_zs=2&comment_id=5
INFO: [ app_begin ] --START--
INFO: Run Behavior\ReadHtmlCacheBehavior [ RunTime:0.000000s ]
INFO: [ app_begin ] --END-- [ RunTime:0.000000s ]
SQL: SHOW COLUMNS FROM `m_longcomment` [ RunTime:0.0075s ]
SQL: UPDATE `m_longcomment` SET `comment_zs`='2' WHERE ( comment_id = 5 ) [ RunTime:0.0025s ]
INFO: [ app_end ] --START--
INFO: Run Behavior\ShowPageTraceBehavior [ RunTime:0.000000s ]
INFO: [ app_end ] --END-- [ RunTime:0.000000s ]

[ 2015-10-20T00:22:50+08:00 ] ::1 /mtime/index.php/Home/Comment/updatedz?comment_zs=3&comment_id=5
INFO: [ app_begin ] --START--
INFO: Run Behavior\ReadHtmlCacheBehavior [ RunTime:0.000000s ]
INFO: [ app_begin ] --END-- [ RunTime:0.002500s ]
SQL: SHOW COLUMNS FROM `m_longcomment` [ RunTime:0.0075s ]
SQL: UPDATE `m_longcomment` SET `comment_zs`='3' WHERE ( comment_id = 5 ) [ RunTime:0.0000s ]
INFO: [ app_end ] --START--
INFO: Run Behavior\ShowPageTraceBehavior [ RunTime:0.000000s ]
INFO: [ app_end ] --END-- [ RunTime:0.000000s ]

[ 2015-10-20T00:22:56+08:00 ] ::1 /mtime/index.php/Home/Comment/updatedz?comment_zs=3&comment_id=5
INFO: [ app_begin ] --START--
INFO: Run Behavior\ReadHtmlCacheBehavior [ RunTime:0.002500s ]
INFO: [ app_begin ] --END-- [ RunTime:0.002500s ]
SQL: SHOW COLUMNS FROM `m_longcomment` [ RunTime:0.0075s ]
SQL: UPDATE `m_longcomment` SET `comment_zs`='3' WHERE ( comment_id = 5 ) [ RunTime:0.0000s ]
INFO: [ app_end ] --START--
INFO: Run Behavior\ShowPageTraceBehavior [ RunTime:0.002500s ]
INFO: [ app_end ] --END-- [ RunTime:0.002500s ]

[ 2015-10-20T00:23:01+08:00 ] ::1 /mtime/index.php/Home/Comment/updatedz?comment_zs=3&comment_id=5
INFO: [ app_begin ] --START--
INFO: Run Behavior\ReadHtmlCacheBehavior [ RunTime:0.002500s ]
INFO: [ app_begin ] --END-- [ RunTime:0.002500s ]
SQL: SHOW COLUMNS FROM `m_longcomment` [ RunTime:0.0050s ]
SQL: UPDATE `m_longcomment` SET `comment_zs`='3' WHERE ( comment_id = 5 ) [ RunTime:0.0000s ]
INFO: [ app_end ] --START--
INFO: Run Behavior\ShowPageTraceBehavior [ RunTime:0.002500s ]
INFO: [ app_end ] --END-- [ RunTime:0.002500s ]

[ 2015-10-20T00:23:19+08:00 ] ::1 /mtime/index.php/Home/Comment/updatedz?comment_zs=4&comment_id=5
INFO: [ app_begin ] --START--
INFO: Run Behavior\ReadHtmlCacheBehavior [ RunTime:0.002000s ]
INFO: [ app_begin ] --END-- [ RunTime:0.003000s ]
SQL: SHOW COLUMNS FROM `m_longcomment` [ RunTime:0.0070s ]
SQL: UPDATE `m_longcomment` SET `comment_zs`='4' WHERE ( comment_id = 5 ) [ RunTime:0.0000s ]
INFO: [ app_end ] --START--
INFO: Run Behavior\ShowPageTraceBehavior [ RunTime:0.002001s ]
INFO: [ app_end ] --END-- [ RunTime:0.002001s ]

[ 2015-10-20T00:23:20+08:00 ] ::1 /mtime/index.php/Home/Comment/updatedz?comment_zs=5&comment_id=5
INFO: [ app_begin ] --START--
INFO: Run Behavior\ReadHtmlCacheBehavior [ RunTime:0.001000s ]
INFO: [ app_begin ] --END-- [ RunTime:0.003000s ]
SQL: SHOW COLUMNS FROM `m_longcomment` [ RunTime:0.0080s ]
SQL: UPDATE `m_longcomment` SET `comment_zs`='5' WHERE ( comment_id = 5 ) [ RunTime:0.0010s ]
INFO: [ app_end ] --START--
INFO: Run Behavior\ShowPageTraceBehavior [ RunTime:0.002000s ]
INFO: [ app_end ] --END-- [ RunTime:0.002000s ]

[ 2015-10-20T00:23:21+08:00 ] ::1 /mtime/index.php/Home/Comment/updatedz?comment_zs=6&comment_id=5
INFO: [ app_begin ] --START--
INFO: Run Behavior\ReadHtmlCacheBehavior [ RunTime:0.002000s ]
INFO: [ app_begin ] --END-- [ RunTime:0.003000s ]
SQL: SHOW COLUMNS FROM `m_longcomment` [ RunTime:0.0080s ]
SQL: UPDATE `m_longcomment` SET `comment_zs`='6' WHERE ( comment_id = 5 ) [ RunTime:0.0010s ]
INFO: [ app_end ] --START--
INFO: Run Behavior\ShowPageTraceBehavior [ RunTime:0.002001s ]
INFO: [ app_end ] --END-- [ RunTime:0.002001s ]

[ 2015-10-20T00:23:22+08:00 ] ::1 /mtime/index.php/Home/Comment/updatedz?comment_zs=7&comment_id=5
INFO: [ app_begin ] --START--
INFO: Run Behavior\ReadHtmlCacheBehavior [ RunTime:0.002000s ]
INFO: [ app_begin ] --END-- [ RunTime:0.002000s ]
SQL: SHOW COLUMNS FROM `m_longcomment` [ RunTime:0.0060s ]
SQL: UPDATE `m_longcomment` SET `comment_zs`='7' WHERE ( comment_id = 5 ) [ RunTime:0.0010s ]
INFO: [ app_end ] --START--
INFO: Run Behavior\ShowPageTraceBehavior [ RunTime:0.001000s ]
INFO: [ app_end ] --END-- [ RunTime:0.001000s ]

[ 2015-10-20T00:23:23+08:00 ] ::1 /mtime/index.php/Home/Comment/updatedz?comment_zs=8&comment_id=5
INFO: [ app_begin ] --START--
INFO: Run Behavior\ReadHtmlCacheBehavior [ RunTime:0.002000s ]
INFO: [ app_begin ] --END-- [ RunTime:0.003000s ]
SQL: SHOW COLUMNS FROM `m_longcomment` [ RunTime:0.0080s ]
SQL: UPDATE `m_longcomment` SET `comment_zs`='8' WHERE ( comment_id = 5 ) [ RunTime:0.0010s ]
INFO: [ app_end ] --START--
INFO: Run Behavior\ShowPageTraceBehavior [ RunTime:0.002000s ]
INFO: [ app_end ] --END-- [ RunTime:0.002000s ]

[ 2015-10-20T00:23:23+08:00 ] ::1 /mtime/index.php/Home/Comment/updatedz?comment_zs=9&comment_id=5
INFO: [ app_begin ] --START--
INFO: Run Behavior\ReadHtmlCacheBehavior [ RunTime:0.002001s ]
INFO: [ app_begin ] --END-- [ RunTime:0.003001s ]
SQL: SHOW COLUMNS FROM `m_longcomment` [ RunTime:0.0070s ]
SQL: UPDATE `m_longcomment` SET `comment_zs`='9' WHERE ( comment_id = 5 ) [ RunTime:0.0010s ]
INFO: [ app_end ] --START--
INFO: Run Behavior\ShowPageTraceBehavior [ RunTime:0.002000s ]
INFO: [ app_end ] --END-- [ RunTime:0.002000s ]

[ 2015-10-20T00:23:24+08:00 ] ::1 /mtime/index.php/Home/Comment/updatedz?comment_zs=10&comment_id=5
INFO: [ app_begin ] --START--
INFO: Run Behavior\ReadHtmlCacheBehavior [ RunTime:0.001000s ]
INFO: [ app_begin ] --END-- [ RunTime:0.002000s ]
SQL: SHOW COLUMNS FROM `m_longcomment` [ RunTime:0.0070s ]
SQL: UPDATE `m_longcomment` SET `comment_zs`='10' WHERE ( comment_id = 5 ) [ RunTime:0.0010s ]
INFO: [ app_end ] --START--
INFO: Run Behavior\ShowPageTraceBehavior [ RunTime:0.001000s ]
INFO: [ app_end ] --END-- [ RunTime:0.001000s ]

[ 2015-10-20T00:23:32+08:00 ] ::1 /mtime/index.php/Home/Comment/updatedz?comment_zs=11&comment_id=5
INFO: [ app_begin ] --START--
INFO: Run Behavior\ReadHtmlCacheBehavior [ RunTime:0.001000s ]
INFO: [ app_begin ] --END-- [ RunTime:0.002000s ]
SQL: SHOW COLUMNS FROM `m_longcomment` [ RunTime:0.0080s ]
SQL: UPDATE `m_longcomment` SET `comment_zs`='11' WHERE ( comment_id = 5 ) [ RunTime:0.0010s ]
INFO: [ app_end ] --START--
INFO: Run Behavior\ShowPageTraceBehavior [ RunTime:0.001000s ]
INFO: [ app_end ] --END-- [ RunTime:0.001000s ]

[ 2015-10-20T00:23:50+08:00 ] ::1 /mtime/index.php/Home/Comment/updatedz?comment_zs=12&comment_id=5
INFO: [ app_begin ] --START--
INFO: Run Behavior\ReadHtmlCacheBehavior [ RunTime:0.001000s ]
INFO: [ app_begin ] --END-- [ RunTime:0.003001s ]
SQL: SHOW COLUMNS FROM `m_longcomment` [ RunTime:0.0080s ]
SQL: UPDATE `m_longcomment` SET `comment_zs`='12' WHERE ( comment_id = 5 ) [ RunTime:0.0010s ]
INFO: [ app_end ] --START--
INFO: Run Behavior\ShowPageTraceBehavior [ RunTime:0.002000s ]
INFO: [ app_end ] --END-- [ RunTime:0.002000s ]

[ 2015-10-20T00:23:51+08:00 ] ::1 /mtime/index.php/Home/Comment/updatedz?comment_zs=13&comment_id=5
INFO: [ app_begin ] --START--
INFO: Run Behavior\ReadHtmlCacheBehavior [ RunTime:0.002000s ]
INFO: [ app_begin ] --END-- [ RunTime:0.002000s ]
SQL: SHOW COLUMNS FROM `m_longcomment` [ RunTime:0.0120s ]
SQL: UPDATE `m_longcomment` SET `comment_zs`='13' WHERE ( comment_id = 5 ) [ RunTime:0.0010s ]
INFO: [ app_end ] --START--
INFO: Run Behavior\ShowPageTraceBehavior [ RunTime:0.002000s ]
INFO: [ app_end ] --END-- [ RunTime:0.002000s ]

[ 2015-10-20T00:23:51+08:00 ] ::1 /mtime/index.php/Home/Comment/updatedz?comment_zs=14&comment_id=5
INFO: [ app_begin ] --START--
INFO: Run Behavior\ReadHtmlCacheBehavior [ RunTime:0.001000s ]
INFO: [ app_begin ] --END-- [ RunTime:0.002000s ]
SQL: SHOW COLUMNS FROM `m_longcomment` [ RunTime:0.0090s ]
SQL: UPDATE `m_longcomment` SET `comment_zs`='14' WHERE ( comment_id = 5 ) [ RunTime:0.0010s ]
INFO: [ app_end ] --START--
INFO: Run Behavior\ShowPageTraceBehavior [ RunTime:0.001000s ]
INFO: [ app_end ] --END-- [ RunTime:0.001000s ]

[ 2015-10-20T00:23:51+08:00 ] ::1 /mtime/index.php/Home/Comment/updatedz?comment_zs=15&comment_id=5
INFO: [ app_begin ] --START--
INFO: Run Behavior\ReadHtmlCacheBehavior [ RunTime:0.002001s ]
INFO: [ app_begin ] --END-- [ RunTime:0.003001s ]
SQL: SHOW COLUMNS FROM `m_longcomment` [ RunTime:0.0080s ]
SQL: UPDATE `m_longcomment` SET `comment_zs`='15' WHERE ( comment_id = 5 ) [ RunTime:0.0010s ]
INFO: [ app_end ] --START--
INFO: Run Behavior\ShowPageTraceBehavior [ RunTime:0.001001s ]
INFO: [ app_end ] --END-- [ RunTime:0.001001s ]

[ 2015-10-20T00:23:51+08:00 ] ::1 /mtime/index.php/Home/Comment/updatedz?comment_zs=16&comment_id=5
INFO: [ app_begin ] --START--
INFO: Run Behavior\ReadHtmlCacheBehavior [ RunTime:0.001000s ]
INFO: [ app_begin ] --END-- [ RunTime:0.002000s ]
SQL: SHOW COLUMNS FROM `m_longcomment` [ RunTime:0.0080s ]
SQL: UPDATE `m_longcomment` SET `comment_zs`='16' WHERE ( comment_id = 5 ) [ RunTime:0.0010s ]
INFO: [ app_end ] --START--
INFO: Run Behavior\ShowPageTraceBehavior [ RunTime:0.001000s ]
INFO: [ app_end ] --END-- [ RunTime:0.001000s ]

[ 2015-10-20T00:23:52+08:00 ] ::1 /mtime/index.php/Home/Comment/updatedz?comment_zs=17&comment_id=5
INFO: [ app_begin ] --START--
INFO: Run Behavior\ReadHtmlCacheBehavior [ RunTime:0.002000s ]
INFO: [ app_begin ] --END-- [ RunTime:0.002000s ]
SQL: SHOW COLUMNS FROM `m_longcomment` [ RunTime:0.0080s ]
SQL: UPDATE `m_longcomment` SET `comment_zs`='17' WHERE ( comment_id = 5 ) [ RunTime:0.0010s ]
INFO: [ app_end ] --START--
INFO: Run Behavior\ShowPageTraceBehavior [ RunTime:0.001000s ]
INFO: [ app_end ] --END-- [ RunTime:0.002000s ]

[ 2015-10-20T00:23:52+08:00 ] ::1 /mtime/index.php/Home/Comment/updatedz?comment_zs=18&comment_id=5
INFO: [ app_begin ] --START--
INFO: Run Behavior\ReadHtmlCacheBehavior [ RunTime:0.001000s ]
INFO: [ app_begin ] --END-- [ RunTime:0.002000s ]
SQL: SHOW COLUMNS FROM `m_longcomment` [ RunTime:0.0070s ]
SQL: UPDATE `m_longcomment` SET `comment_zs`='18' WHERE ( comment_id = 5 ) [ RunTime:0.0000s ]
INFO: [ app_end ] --START--
INFO: Run Behavior\ShowPageTraceBehavior [ RunTime:0.002001s ]
INFO: [ app_end ] --END-- [ RunTime:0.002001s ]

[ 2015-10-20T00:23:52+08:00 ] ::1 /mtime/index.php/Home/Comment/updatedz?comment_zs=19&comment_id=5
INFO: [ app_begin ] --START--
INFO: Run Behavior\ReadHtmlCacheBehavior [ RunTime:0.002000s ]
INFO: [ app_begin ] --END-- [ RunTime:0.003000s ]
SQL: SHOW COLUMNS FROM `m_longcomment` [ RunTime:0.0080s ]
SQL: UPDATE `m_longcomment` SET `comment_zs`='19' WHERE ( comment_id = 5 ) [ RunTime:0.0010s ]
INFO: [ app_end ] --START--
INFO: Run Behavior\ShowPageTraceBehavior [ RunTime:0.001000s ]
INFO: [ app_end ] --END-- [ RunTime:0.001000s ]

[ 2015-10-20T00:23:52+08:00 ] ::1 /mtime/index.php/Home/Comment/updatedz?comment_zs=20&comment_id=5
INFO: [ app_begin ] --START--
INFO: Run Behavior\ReadHtmlCacheBehavior [ RunTime:0.001000s ]
INFO: [ app_begin ] --END-- [ RunTime:0.002000s ]
SQL: SHOW COLUMNS FROM `m_longcomment` [ RunTime:0.0080s ]
SQL: UPDATE `m_longcomment` SET `comment_zs`='20' WHERE ( comment_id = 5 ) [ RunTime:0.0010s ]
INFO: [ app_end ] --START--
INFO: Run Behavior\ShowPageTraceBehavior [ RunTime:0.001000s ]
INFO: [ app_end ] --END-- [ RunTime:0.002000s ]

[ 2015-10-20T00:23:52+08:00 ] ::1 /mtime/index.php/Home/Comment/updatedz?comment_zs=21&comment_id=5
INFO: [ app_begin ] --START--
INFO: Run Behavior\ReadHtmlCacheBehavior [ RunTime:0.002000s ]
INFO: [ app_begin ] --END-- [ RunTime:0.002000s ]
SQL: SHOW COLUMNS FROM `m_longcomment` [ RunTime:0.0110s ]
SQL: UPDATE `m_longcomment` SET `comment_zs`='21' WHERE ( comment_id = 5 ) [ RunTime:0.0010s ]
INFO: [ app_end ] --START--
INFO: Run Behavior\ShowPageTraceBehavior [ RunTime:0.002000s ]
INFO: [ app_end ] --END-- [ RunTime:0.002000s ]

[ 2015-10-20T00:23:52+08:00 ] ::1 /mtime/index.php/Home/Comment/updatedz?comment_zs=22&comment_id=5
INFO: [ app_begin ] --START--
INFO: Run Behavior\ReadHtmlCacheBehavior [ RunTime:0.002001s ]
INFO: [ app_begin ] --END-- [ RunTime:0.003001s ]
SQL: SHOW COLUMNS FROM `m_longcomment` [ RunTime:0.0070s ]
SQL: UPDATE `m_longcomment` SET `comment_zs`='22' WHERE ( comment_id = 5 ) [ RunTime:0.0000s ]
INFO: [ app_end ] --START--
INFO: Run Behavior\ShowPageTraceBehavior [ RunTime:0.001000s ]
INFO: [ app_end ] --END-- [ RunTime:0.002000s ]

[ 2015-10-20T00:23:52+08:00 ] ::1 /mtime/index.php/Home/Comment/updatedz?comment_zs=23&comment_id=5
INFO: [ app_begin ] --START--
INFO: Run Behavior\ReadHtmlCacheBehavior [ RunTime:0.002000s ]
INFO: [ app_begin ] --END-- [ RunTime:0.002000s ]
SQL: SHOW COLUMNS FROM `m_longcomment` [ RunTime:0.0070s ]
SQL: UPDATE `m_longcomment` SET `comment_zs`='23' WHERE ( comment_id = 5 ) [ RunTime:0.0020s ]
INFO: [ app_end ] --START--
INFO: Run Behavior\ShowPageTraceBehavior [ RunTime:0.001000s ]
INFO: [ app_end ] --END-- [ RunTime:0.001000s ]

[ 2015-10-20T00:23:53+08:00 ] ::1 /mtime/index.php/Home/Comment/updatedz?comment_zs=24&comment_id=5
INFO: [ app_begin ] --START--
INFO: Run Behavior\ReadHtmlCacheBehavior [ RunTime:0.001000s ]
INFO: [ app_begin ] --END-- [ RunTime:0.002000s ]
SQL: SHOW COLUMNS FROM `m_longcomment` [ RunTime:0.0080s ]
SQL: UPDATE `m_longcomment` SET `comment_zs`='24' WHERE ( comment_id = 5 ) [ RunTime:0.0000s ]
INFO: [ app_end ] --START--
INFO: Run Behavior\ShowPageTraceBehavior [ RunTime:0.001000s ]
INFO: [ app_end ] --END-- [ RunTime:0.001000s ]

[ 2015-10-20T00:23:53+08:00 ] ::1 /mtime/index.php/Home/Comment/updatedz?comment_zs=25&comment_id=5
INFO: [ app_begin ] --START--
INFO: Run Behavior\ReadHtmlCacheBehavior [ RunTime:0.001000s ]
INFO: [ app_begin ] --END-- [ RunTime:0.002000s ]
SQL: SHOW COLUMNS FROM `m_longcomment` [ RunTime:0.0070s ]
SQL: UPDATE `m_longcomment` SET `comment_zs`='25' WHERE ( comment_id = 5 ) [ RunTime:0.0000s ]
INFO: [ app_end ] --START--
INFO: Run Behavior\ShowPageTraceBehavior [ RunTime:0.001000s ]
INFO: [ app_end ] --END-- [ RunTime:0.001000s ]

[ 2015-10-20T00:23:53+08:00 ] ::1 /mtime/index.php/Home/Comment/updatedz?comment_zs=26&comment_id=5
INFO: [ app_begin ] --START--
INFO: Run Behavior\ReadHtmlCacheBehavior [ RunTime:0.001000s ]
INFO: [ app_begin ] --END-- [ RunTime:0.002000s ]
SQL: SHOW COLUMNS FROM `m_longcomment` [ RunTime:0.0070s ]
SQL: UPDATE `m_longcomment` SET `comment_zs`='26' WHERE ( comment_id = 5 ) [ RunTime:0.0010s ]
INFO: [ app_end ] --START--
INFO: Run Behavior\ShowPageTraceBehavior [ RunTime:0.001000s ]
INFO: [ app_end ] --END-- [ RunTime:0.001000s ]

[ 2015-10-20T00:23:53+08:00 ] ::1 /mtime/index.php/Home/Comment/updatedz?comment_zs=27&comment_id=5
INFO: [ app_begin ] --START--
INFO: Run Behavior\ReadHtmlCacheBehavior [ RunTime:0.001000s ]
INFO: [ app_begin ] --END-- [ RunTime:0.002000s ]
SQL: SHOW COLUMNS FROM `m_longcomment` [ RunTime:0.0060s ]
SQL: UPDATE `m_longcomment` SET `comment_zs`='27' WHERE ( comment_id = 5 ) [ RunTime:0.0000s ]
INFO: [ app_end ] --START--
INFO: Run Behavior\ShowPageTraceBehavior [ RunTime:0.001000s ]
INFO: [ app_end ] --END-- [ RunTime:0.001000s ]

[ 2015-10-20T00:23:53+08:00 ] ::1 /mtime/index.php/Home/Comment/updatedz?comment_zs=28&comment_id=5
INFO: [ app_begin ] --START--
INFO: Run Behavior\ReadHtmlCacheBehavior [ RunTime:0.002000s ]
INFO: [ app_begin ] --END-- [ RunTime:0.003000s ]
SQL: SHOW COLUMNS FROM `m_longcomment` [ RunTime:0.0080s ]
SQL: UPDATE `m_longcomment` SET `comment_zs`='28' WHERE ( comment_id = 5 ) [ RunTime:0.0010s ]
INFO: [ app_end ] --START--
INFO: Run Behavior\ShowPageTraceBehavior [ RunTime:0.001000s ]
INFO: [ app_end ] --END-- [ RunTime:0.002000s ]

[ 2015-10-20T00:24:37+08:00 ] ::1 /mtime/index.php/Home/Comment/updatedz?comment_zs=29&comment_id=5
INFO: [ app_begin ] --START--
INFO: Run Behavior\ReadHtmlCacheBehavior [ RunTime:0.002000s ]
INFO: [ app_begin ] --END-- [ RunTime:0.003000s ]
SQL: SHOW COLUMNS FROM `m_longcomment` [ RunTime:0.0120s ]
SQL: UPDATE `m_longcomment` SET `comment_zs`='29' WHERE ( comment_id = 5 ) [ RunTime:0.0010s ]
INFO: [ app_end ] --START--
INFO: Run Behavior\ShowPageTraceBehavior [ RunTime:0.001000s ]
INFO: [ app_end ] --END-- [ RunTime:0.003000s ]

[ 2015-10-20T00:24:38+08:00 ] ::1 /mtime/index.php/Home/Comment/updatedz?comment_zs=30&comment_id=5
INFO: [ app_begin ] --START--
INFO: Run Behavior\ReadHtmlCacheBehavior [ RunTime:0.001000s ]
INFO: [ app_begin ] --END-- [ RunTime:0.002000s ]
SQL: SHOW COLUMNS FROM `m_longcomment` [ RunTime:0.0080s ]
SQL: UPDATE `m_longcomment` SET `comment_zs`='30' WHERE ( comment_id = 5 ) [ RunTime:0.0000s ]
INFO: [ app_end ] --START--
INFO: Run Behavior\ShowPageTraceBehavior [ RunTime:0.001000s ]
INFO: [ app_end ] --END-- [ RunTime:0.001000s ]

[ 2015-10-20T00:24:38+08:00 ] ::1 /mtime/index.php/Home/Comment/updatedz?comment_zs=31&comment_id=5
INFO: [ app_begin ] --START--
INFO: Run Behavior\ReadHtmlCacheBehavior [ RunTime:0.002000s ]
INFO: [ app_begin ] --END-- [ RunTime:0.002000s ]
SQL: SHOW COLUMNS FROM `m_longcomment` [ RunTime:0.0070s ]
SQL: UPDATE `m_longcomment` SET `comment_zs`='31' WHERE ( comment_id = 5 ) [ RunTime:0.0010s ]
INFO: [ app_end ] --START--
INFO: Run Behavior\ShowPageTraceBehavior [ RunTime:0.001000s ]
INFO: [ app_end ] --END-- [ RunTime:0.002000s ]

[ 2015-10-20T00:24:43+08:00 ] ::1 /mtime/index.php/Home/Comment/updatedz?comment_zs=32&comment_id=5
INFO: [ app_begin ] --START--
INFO: Run Behavior\ReadHtmlCacheBehavior [ RunTime:0.001000s ]
INFO: [ app_begin ] --END-- [ RunTime:0.003000s ]
SQL: SHOW COLUMNS FROM `m_longcomment` [ RunTime:0.0090s ]
SQL: UPDATE `m_longcomment` SET `comment_zs`='32' WHERE ( comment_id = 5 ) [ RunTime:0.0000s ]
INFO: [ app_end ] --START--
INFO: Run Behavior\ShowPageTraceBehavior [ RunTime:0.001000s ]
INFO: [ app_end ] --END-- [ RunTime:0.001000s ]

